2021-02-01 11:46:15,487 ----------------------------------------------------------------------------------------------------
2021-02-01 11:46:15,488 Model: "SequenceTagger(
  (embeddings): StackedEmbeddings(
    (list_embedding_0): WordEmbeddings('glove')
    (list_embedding_1): FlairEmbeddings(
      (lm): LanguageModel(
        (drop): Dropout(p=0.1, inplace=False)
        (encoder): Embedding(11854, 100)
        (rnn): LSTM(100, 2048)
        (decoder): Linear(in_features=2048, out_features=11854, bias=True)
      )
    )
    (list_embedding_2): FlairEmbeddings(
      (lm): LanguageModel(
        (drop): Dropout(p=0.1, inplace=False)
        (encoder): Embedding(11854, 100)
        (rnn): LSTM(100, 2048)
        (decoder): Linear(in_features=2048, out_features=11854, bias=True)
      )
    )
  )
  (word_dropout): WordDropout(p=0.05)
  (locked_dropout): LockedDropout(p=0.5)
  (embedding2nn): Linear(in_features=4196, out_features=4196, bias=True)
  (rnn): LSTM(4196, 256, batch_first=True, bidirectional=True)
  (linear): Linear(in_features=512, out_features=16, bias=True)
  (beta): 1.0
  (weights): None
  (weight_tensor) None
)"
2021-02-01 11:46:15,489 ----------------------------------------------------------------------------------------------------
2021-02-01 11:46:15,489 Corpus: "Corpus: 960 train + 320 dev + 320 test sentences"
2021-02-01 11:46:15,490 ----------------------------------------------------------------------------------------------------
2021-02-01 11:46:15,491 Parameters:
2021-02-01 11:46:15,491  - learning_rate: "0.1"
2021-02-01 11:46:15,492  - mini_batch_size: "24"
2021-02-01 11:46:15,493  - patience: "3"
2021-02-01 11:46:15,494  - anneal_factor: "0.5"
2021-02-01 11:46:15,494  - max_epochs: "150"
2021-02-01 11:46:15,495  - shuffle: "True"
2021-02-01 11:46:15,496  - train_with_dev: "False"
2021-02-01 11:46:15,497  - batch_growth_annealing: "False"
2021-02-01 11:46:15,498 ----------------------------------------------------------------------------------------------------
2021-02-01 11:46:15,498 Model training base path: "..\model\taggers\pii-ner-v1"
2021-02-01 11:46:15,499 ----------------------------------------------------------------------------------------------------
2021-02-01 11:46:15,499 Device: cuda:0
2021-02-01 11:46:15,500 ----------------------------------------------------------------------------------------------------
2021-02-01 11:46:15,501 Embeddings storage mode: cpu
2021-02-01 11:46:15,503 ----------------------------------------------------------------------------------------------------
2021-02-01 11:46:17,045 epoch 1 - iter 4/40 - loss 32.63334608 - samples/sec: 62.30 - lr: 0.100000
2021-02-01 11:46:18,340 epoch 1 - iter 8/40 - loss 23.43003392 - samples/sec: 74.19 - lr: 0.100000
2021-02-01 11:46:19,797 epoch 1 - iter 12/40 - loss 19.50225910 - samples/sec: 65.93 - lr: 0.100000
2021-02-01 11:46:21,114 epoch 1 - iter 16/40 - loss 17.37028801 - samples/sec: 72.89 - lr: 0.100000
2021-02-01 11:46:22,420 epoch 1 - iter 20/40 - loss 15.75077481 - samples/sec: 73.51 - lr: 0.100000
2021-02-01 11:46:23,757 epoch 1 - iter 24/40 - loss 14.29124749 - samples/sec: 71.80 - lr: 0.100000
2021-02-01 11:46:25,110 epoch 1 - iter 28/40 - loss 13.23354999 - samples/sec: 71.05 - lr: 0.100000
2021-02-01 11:46:26,484 epoch 1 - iter 32/40 - loss 12.37490404 - samples/sec: 69.90 - lr: 0.100000
2021-02-01 11:46:27,743 epoch 1 - iter 36/40 - loss 11.60442287 - samples/sec: 76.28 - lr: 0.100000
2021-02-01 11:46:29,092 epoch 1 - iter 40/40 - loss 10.89595441 - samples/sec: 71.20 - lr: 0.100000
2021-02-01 11:46:29,093 ----------------------------------------------------------------------------------------------------
2021-02-01 11:46:29,094 EPOCH 1 done: loss 10.8960 - lr 0.1000000
2021-02-01 11:46:33,032 DEV : loss 3.3010094165802 - score 0.4913
2021-02-01 11:46:33,049 BAD EPOCHS (no improvement): 0
2021-02-01 11:46:36,351 ----------------------------------------------------------------------------------------------------
2021-02-01 11:46:36,913 epoch 2 - iter 4/40 - loss 4.19314688 - samples/sec: 171.12 - lr: 0.100000
2021-02-01 11:46:37,451 epoch 2 - iter 8/40 - loss 4.14951560 - samples/sec: 179.10 - lr: 0.100000
2021-02-01 11:46:38,034 epoch 2 - iter 12/40 - loss 3.96029890 - samples/sec: 164.66 - lr: 0.100000
2021-02-01 11:46:38,649 epoch 2 - iter 16/40 - loss 3.73111069 - samples/sec: 156.36 - lr: 0.100000
2021-02-01 11:46:39,213 epoch 2 - iter 20/40 - loss 3.54048758 - samples/sec: 170.50 - lr: 0.100000
2021-02-01 11:46:39,787 epoch 2 - iter 24/40 - loss 3.47637147 - samples/sec: 167.26 - lr: 0.100000
2021-02-01 11:46:40,324 epoch 2 - iter 28/40 - loss 3.29570882 - samples/sec: 179.09 - lr: 0.100000
2021-02-01 11:46:40,859 epoch 2 - iter 32/40 - loss 3.13372569 - samples/sec: 180.12 - lr: 0.100000
2021-02-01 11:46:41,409 epoch 2 - iter 36/40 - loss 3.02655262 - samples/sec: 174.52 - lr: 0.100000
2021-02-01 11:46:41,957 epoch 2 - iter 40/40 - loss 2.90112477 - samples/sec: 175.42 - lr: 0.100000
2021-02-01 11:46:41,958 ----------------------------------------------------------------------------------------------------
2021-02-01 11:46:41,958 EPOCH 2 done: loss 2.9011 - lr 0.1000000
2021-02-01 11:46:43,124 DEV : loss 1.079824686050415 - score 0.9205
2021-02-01 11:46:43,142 BAD EPOCHS (no improvement): 0
2021-02-01 11:46:46,480 ----------------------------------------------------------------------------------------------------
2021-02-01 11:46:47,076 epoch 3 - iter 4/40 - loss 2.12755924 - samples/sec: 161.34 - lr: 0.100000
2021-02-01 11:46:47,644 epoch 3 - iter 8/40 - loss 1.90322509 - samples/sec: 169.02 - lr: 0.100000
2021-02-01 11:46:48,167 epoch 3 - iter 12/40 - loss 1.83341030 - samples/sec: 183.54 - lr: 0.100000
2021-02-01 11:46:48,709 epoch 3 - iter 16/40 - loss 1.79535506 - samples/sec: 177.34 - lr: 0.100000
2021-02-01 11:46:49,245 epoch 3 - iter 20/40 - loss 1.72968959 - samples/sec: 179.10 - lr: 0.100000
2021-02-01 11:46:49,829 epoch 3 - iter 24/40 - loss 1.68503507 - samples/sec: 164.38 - lr: 0.100000
2021-02-01 11:46:50,414 epoch 3 - iter 28/40 - loss 1.62512663 - samples/sec: 164.37 - lr: 0.100000
2021-02-01 11:46:50,973 epoch 3 - iter 32/40 - loss 1.58014049 - samples/sec: 172.05 - lr: 0.100000
2021-02-01 11:46:51,511 epoch 3 - iter 36/40 - loss 1.54476080 - samples/sec: 178.77 - lr: 0.100000
2021-02-01 11:46:52,065 epoch 3 - iter 40/40 - loss 1.52217090 - samples/sec: 173.61 - lr: 0.100000
2021-02-01 11:46:52,066 ----------------------------------------------------------------------------------------------------
2021-02-01 11:46:52,067 EPOCH 3 done: loss 1.5222 - lr 0.1000000
2021-02-01 11:46:53,251 DEV : loss 0.4938148856163025 - score 0.9601
2021-02-01 11:46:53,269 BAD EPOCHS (no improvement): 0
2021-02-01 11:46:56,616 ----------------------------------------------------------------------------------------------------
2021-02-01 11:46:57,185 epoch 4 - iter 4/40 - loss 0.82773665 - samples/sec: 169.00 - lr: 0.100000
2021-02-01 11:46:57,749 epoch 4 - iter 8/40 - loss 0.92050364 - samples/sec: 170.53 - lr: 0.100000
2021-02-01 11:46:58,315 epoch 4 - iter 12/40 - loss 0.94603077 - samples/sec: 169.91 - lr: 0.100000
2021-02-01 11:46:58,860 epoch 4 - iter 16/40 - loss 0.98157887 - samples/sec: 176.48 - lr: 0.100000
2021-02-01 11:46:59,411 epoch 4 - iter 20/40 - loss 0.96431136 - samples/sec: 174.23 - lr: 0.100000
2021-02-01 11:46:59,932 epoch 4 - iter 24/40 - loss 0.95868684 - samples/sec: 184.63 - lr: 0.100000
2021-02-01 11:47:00,465 epoch 4 - iter 28/40 - loss 0.97793637 - samples/sec: 180.77 - lr: 0.100000
2021-02-01 11:47:01,033 epoch 4 - iter 32/40 - loss 1.00125060 - samples/sec: 169.02 - lr: 0.100000
2021-02-01 11:47:01,570 epoch 4 - iter 36/40 - loss 1.00432878 - samples/sec: 178.76 - lr: 0.100000
2021-02-01 11:47:02,153 epoch 4 - iter 40/40 - loss 0.96776272 - samples/sec: 164.94 - lr: 0.100000
2021-02-01 11:47:02,154 ----------------------------------------------------------------------------------------------------
2021-02-01 11:47:02,155 EPOCH 4 done: loss 0.9678 - lr 0.1000000
2021-02-01 11:47:03,307 DEV : loss 0.27678221464157104 - score 0.9684
2021-02-01 11:47:03,325 BAD EPOCHS (no improvement): 0
2021-02-01 11:47:06,584 ----------------------------------------------------------------------------------------------------
2021-02-01 11:47:07,152 epoch 5 - iter 4/40 - loss 0.68443283 - samples/sec: 169.24 - lr: 0.100000
2021-02-01 11:47:07,708 epoch 5 - iter 8/40 - loss 0.79801139 - samples/sec: 172.98 - lr: 0.100000
2021-02-01 11:47:08,252 epoch 5 - iter 12/40 - loss 0.78354090 - samples/sec: 176.47 - lr: 0.100000
2021-02-01 11:47:08,793 epoch 5 - iter 16/40 - loss 0.72631327 - samples/sec: 178.12 - lr: 0.100000
2021-02-01 11:47:09,358 epoch 5 - iter 20/40 - loss 0.70294623 - samples/sec: 170.21 - lr: 0.100000
2021-02-01 11:47:09,931 epoch 5 - iter 24/40 - loss 0.71901227 - samples/sec: 167.54 - lr: 0.100000
2021-02-01 11:47:10,490 epoch 5 - iter 28/40 - loss 0.72831753 - samples/sec: 172.05 - lr: 0.100000
2021-02-01 11:47:11,012 epoch 5 - iter 32/40 - loss 0.69293771 - samples/sec: 183.91 - lr: 0.100000
2021-02-01 11:47:11,563 epoch 5 - iter 36/40 - loss 0.66700932 - samples/sec: 174.56 - lr: 0.100000
2021-02-01 11:47:12,104 epoch 5 - iter 40/40 - loss 0.65184528 - samples/sec: 177.78 - lr: 0.100000
2021-02-01 11:47:12,105 ----------------------------------------------------------------------------------------------------
2021-02-01 11:47:12,105 EPOCH 5 done: loss 0.6518 - lr 0.1000000
2021-02-01 11:47:13,276 DEV : loss 0.18717226386070251 - score 0.9668
2021-02-01 11:47:13,293 BAD EPOCHS (no improvement): 1
2021-02-01 11:47:13,295 ----------------------------------------------------------------------------------------------------
2021-02-01 11:47:13,838 epoch 6 - iter 4/40 - loss 0.47465842 - samples/sec: 177.45 - lr: 0.100000
2021-02-01 11:47:14,366 epoch 6 - iter 8/40 - loss 0.44728252 - samples/sec: 182.16 - lr: 0.100000
2021-02-01 11:47:14,909 epoch 6 - iter 12/40 - loss 0.53819315 - samples/sec: 176.80 - lr: 0.100000
2021-02-01 11:47:15,453 epoch 6 - iter 16/40 - loss 0.50538464 - samples/sec: 176.81 - lr: 0.100000
2021-02-01 11:47:15,994 epoch 6 - iter 20/40 - loss 0.53237935 - samples/sec: 177.62 - lr: 0.100000
2021-02-01 11:47:16,554 epoch 6 - iter 24/40 - loss 0.56388108 - samples/sec: 171.74 - lr: 0.100000
2021-02-01 11:47:17,075 epoch 6 - iter 28/40 - loss 0.55955676 - samples/sec: 184.25 - lr: 0.100000
2021-02-01 11:47:17,642 epoch 6 - iter 32/40 - loss 0.54014546 - samples/sec: 169.60 - lr: 0.100000
2021-02-01 11:47:18,212 epoch 6 - iter 36/40 - loss 0.53784659 - samples/sec: 168.77 - lr: 0.100000
2021-02-01 11:47:18,767 epoch 6 - iter 40/40 - loss 0.51178527 - samples/sec: 172.97 - lr: 0.100000
2021-02-01 11:47:18,768 ----------------------------------------------------------------------------------------------------
2021-02-01 11:47:18,769 EPOCH 6 done: loss 0.5118 - lr 0.1000000
2021-02-01 11:47:19,912 DEV : loss 0.1504875272512436 - score 0.975
2021-02-01 11:47:19,930 BAD EPOCHS (no improvement): 0
2021-02-01 11:47:23,229 ----------------------------------------------------------------------------------------------------
2021-02-01 11:47:23,819 epoch 7 - iter 4/40 - loss 0.45522567 - samples/sec: 163.27 - lr: 0.100000
2021-02-01 11:47:24,351 epoch 7 - iter 8/40 - loss 0.46645171 - samples/sec: 180.78 - lr: 0.100000
2021-02-01 11:47:24,897 epoch 7 - iter 12/40 - loss 0.52439713 - samples/sec: 176.16 - lr: 0.100000
2021-02-01 11:47:25,454 epoch 7 - iter 16/40 - loss 0.52020278 - samples/sec: 172.65 - lr: 0.100000
2021-02-01 11:47:25,977 epoch 7 - iter 20/40 - loss 0.54886329 - samples/sec: 183.57 - lr: 0.100000
2021-02-01 11:47:26,510 epoch 7 - iter 24/40 - loss 0.54210299 - samples/sec: 180.33 - lr: 0.100000
2021-02-01 11:47:27,045 epoch 7 - iter 28/40 - loss 0.52204249 - samples/sec: 179.78 - lr: 0.100000
2021-02-01 11:47:27,563 epoch 7 - iter 32/40 - loss 0.51091810 - samples/sec: 186.41 - lr: 0.100000
2021-02-01 11:47:28,132 epoch 7 - iter 36/40 - loss 0.49033101 - samples/sec: 169.01 - lr: 0.100000
2021-02-01 11:47:28,669 epoch 7 - iter 40/40 - loss 0.47517231 - samples/sec: 179.10 - lr: 0.100000
2021-02-01 11:47:28,670 ----------------------------------------------------------------------------------------------------
2021-02-01 11:47:28,670 EPOCH 7 done: loss 0.4752 - lr 0.1000000
2021-02-01 11:47:29,833 DEV : loss 0.10954887419939041 - score 0.9734
2021-02-01 11:47:29,851 BAD EPOCHS (no improvement): 1
2021-02-01 11:47:29,852 ----------------------------------------------------------------------------------------------------
2021-02-01 11:47:30,405 epoch 8 - iter 4/40 - loss 0.45661705 - samples/sec: 173.91 - lr: 0.100000
2021-02-01 11:47:30,926 epoch 8 - iter 8/40 - loss 0.36894030 - samples/sec: 184.62 - lr: 0.100000
2021-02-01 11:47:31,463 epoch 8 - iter 12/40 - loss 0.35527934 - samples/sec: 179.10 - lr: 0.100000
2021-02-01 11:47:32,018 epoch 8 - iter 16/40 - loss 0.35952306 - samples/sec: 173.28 - lr: 0.100000
2021-02-01 11:47:32,553 epoch 8 - iter 20/40 - loss 0.34455393 - samples/sec: 179.78 - lr: 0.100000
2021-02-01 11:47:33,084 epoch 8 - iter 24/40 - loss 0.34524341 - samples/sec: 181.13 - lr: 0.100000
2021-02-01 11:47:33,618 epoch 8 - iter 28/40 - loss 0.34380065 - samples/sec: 179.78 - lr: 0.100000
2021-02-01 11:47:34,170 epoch 8 - iter 32/40 - loss 0.34346359 - samples/sec: 174.53 - lr: 0.100000
2021-02-01 11:47:34,761 epoch 8 - iter 36/40 - loss 0.35584117 - samples/sec: 162.70 - lr: 0.100000
2021-02-01 11:47:35,313 epoch 8 - iter 40/40 - loss 0.36300381 - samples/sec: 173.88 - lr: 0.100000
2021-02-01 11:47:35,314 ----------------------------------------------------------------------------------------------------
2021-02-01 11:47:35,315 EPOCH 8 done: loss 0.3630 - lr 0.1000000
2021-02-01 11:47:36,446 DEV : loss 0.10071191936731339 - score 0.9933
2021-02-01 11:47:36,463 BAD EPOCHS (no improvement): 0
2021-02-01 11:47:39,755 ----------------------------------------------------------------------------------------------------
2021-02-01 11:47:40,314 epoch 9 - iter 4/40 - loss 0.29158442 - samples/sec: 172.03 - lr: 0.100000
2021-02-01 11:47:40,834 epoch 9 - iter 8/40 - loss 0.33261308 - samples/sec: 184.97 - lr: 0.100000
2021-02-01 11:47:41,367 epoch 9 - iter 12/40 - loss 0.29890175 - samples/sec: 180.46 - lr: 0.100000
2021-02-01 11:47:41,939 epoch 9 - iter 16/40 - loss 0.34784421 - samples/sec: 167.83 - lr: 0.100000
2021-02-01 11:47:42,478 epoch 9 - iter 20/40 - loss 0.39640876 - samples/sec: 178.44 - lr: 0.100000
2021-02-01 11:47:43,027 epoch 9 - iter 24/40 - loss 0.37908072 - samples/sec: 175.19 - lr: 0.100000
2021-02-01 11:47:43,567 epoch 9 - iter 28/40 - loss 0.35781559 - samples/sec: 178.10 - lr: 0.100000
2021-02-01 11:47:44,146 epoch 9 - iter 32/40 - loss 0.35211875 - samples/sec: 166.09 - lr: 0.100000
2021-02-01 11:47:44,686 epoch 9 - iter 36/40 - loss 0.37153697 - samples/sec: 178.11 - lr: 0.100000
2021-02-01 11:47:45,269 epoch 9 - iter 40/40 - loss 0.36819806 - samples/sec: 165.09 - lr: 0.100000
2021-02-01 11:47:45,270 ----------------------------------------------------------------------------------------------------
2021-02-01 11:47:45,271 EPOCH 9 done: loss 0.3682 - lr 0.1000000
2021-02-01 11:47:46,422 DEV : loss 0.07849925756454468 - score 0.9933
2021-02-01 11:47:46,441 BAD EPOCHS (no improvement): 0
2021-02-01 11:47:49,782 ----------------------------------------------------------------------------------------------------
2021-02-01 11:47:50,352 epoch 10 - iter 4/40 - loss 0.33927426 - samples/sec: 168.70 - lr: 0.100000
2021-02-01 11:47:50,909 epoch 10 - iter 8/40 - loss 0.29355138 - samples/sec: 172.66 - lr: 0.100000
2021-02-01 11:47:51,446 epoch 10 - iter 12/40 - loss 0.27220028 - samples/sec: 179.09 - lr: 0.100000
2021-02-01 11:47:51,963 epoch 10 - iter 16/40 - loss 0.26415547 - samples/sec: 186.01 - lr: 0.100000
2021-02-01 11:47:52,533 epoch 10 - iter 20/40 - loss 0.28195415 - samples/sec: 168.69 - lr: 0.100000
2021-02-01 11:47:53,125 epoch 10 - iter 24/40 - loss 0.29711140 - samples/sec: 162.69 - lr: 0.100000
2021-02-01 11:47:53,723 epoch 10 - iter 28/40 - loss 0.31159770 - samples/sec: 161.08 - lr: 0.100000
2021-02-01 11:47:54,266 epoch 10 - iter 32/40 - loss 0.30260790 - samples/sec: 177.12 - lr: 0.100000
2021-02-01 11:47:54,807 epoch 10 - iter 36/40 - loss 0.31698032 - samples/sec: 177.78 - lr: 0.100000
2021-02-01 11:47:55,356 epoch 10 - iter 40/40 - loss 0.31912993 - samples/sec: 175.18 - lr: 0.100000
2021-02-01 11:47:55,357 ----------------------------------------------------------------------------------------------------
2021-02-01 11:47:55,358 EPOCH 10 done: loss 0.3191 - lr 0.1000000
2021-02-01 11:47:56,487 DEV : loss 0.07664277404546738 - score 0.9767
2021-02-01 11:47:56,505 BAD EPOCHS (no improvement): 1
2021-02-01 11:47:56,506 ----------------------------------------------------------------------------------------------------
2021-02-01 11:47:57,066 epoch 11 - iter 4/40 - loss 0.29971020 - samples/sec: 171.74 - lr: 0.100000
2021-02-01 11:47:57,619 epoch 11 - iter 8/40 - loss 0.34728997 - samples/sec: 173.91 - lr: 0.100000
2021-02-01 11:47:58,146 epoch 11 - iter 12/40 - loss 0.31776262 - samples/sec: 182.16 - lr: 0.100000
2021-02-01 11:47:58,686 epoch 11 - iter 16/40 - loss 0.31450515 - samples/sec: 178.11 - lr: 0.100000
2021-02-01 11:47:59,261 epoch 11 - iter 20/40 - loss 0.30169973 - samples/sec: 167.25 - lr: 0.100000
2021-02-01 11:47:59,801 epoch 11 - iter 24/40 - loss 0.29683697 - samples/sec: 178.11 - lr: 0.100000
2021-02-01 11:48:00,348 epoch 11 - iter 28/40 - loss 0.28862141 - samples/sec: 175.84 - lr: 0.100000
2021-02-01 11:48:00,870 epoch 11 - iter 32/40 - loss 0.28948733 - samples/sec: 184.62 - lr: 0.100000
2021-02-01 11:48:01,425 epoch 11 - iter 36/40 - loss 0.28862719 - samples/sec: 173.29 - lr: 0.100000
2021-02-01 11:48:01,990 epoch 11 - iter 40/40 - loss 0.28560963 - samples/sec: 170.21 - lr: 0.100000
2021-02-01 11:48:01,991 ----------------------------------------------------------------------------------------------------
2021-02-01 11:48:01,992 EPOCH 11 done: loss 0.2856 - lr 0.1000000
2021-02-01 11:48:03,140 DEV : loss 0.05619174614548683 - score 0.985
2021-02-01 11:48:03,157 BAD EPOCHS (no improvement): 2
2021-02-01 11:48:03,159 ----------------------------------------------------------------------------------------------------
2021-02-01 11:48:03,688 epoch 12 - iter 4/40 - loss 0.21165037 - samples/sec: 181.47 - lr: 0.100000
2021-02-01 11:48:04,246 epoch 12 - iter 8/40 - loss 0.23780684 - samples/sec: 172.35 - lr: 0.100000
2021-02-01 11:48:04,791 epoch 12 - iter 12/40 - loss 0.19954049 - samples/sec: 176.47 - lr: 0.100000
2021-02-01 11:48:05,344 epoch 12 - iter 16/40 - loss 0.21737377 - samples/sec: 173.91 - lr: 0.100000
2021-02-01 11:48:05,928 epoch 12 - iter 20/40 - loss 0.20540478 - samples/sec: 164.67 - lr: 0.100000
2021-02-01 11:48:06,478 epoch 12 - iter 24/40 - loss 0.22279274 - samples/sec: 174.87 - lr: 0.100000
2021-02-01 11:48:07,018 epoch 12 - iter 28/40 - loss 0.22024095 - samples/sec: 178.44 - lr: 0.100000
2021-02-01 11:48:07,548 epoch 12 - iter 32/40 - loss 0.20973201 - samples/sec: 181.12 - lr: 0.100000
2021-02-01 11:48:08,111 epoch 12 - iter 36/40 - loss 0.20606994 - samples/sec: 171.13 - lr: 0.100000
2021-02-01 11:48:08,646 epoch 12 - iter 40/40 - loss 0.20508874 - samples/sec: 179.43 - lr: 0.100000
2021-02-01 11:48:08,646 ----------------------------------------------------------------------------------------------------
2021-02-01 11:48:08,647 EPOCH 12 done: loss 0.2051 - lr 0.1000000
2021-02-01 11:48:09,771 DEV : loss 0.058478906750679016 - score 0.99
2021-02-01 11:48:09,788 BAD EPOCHS (no improvement): 3
2021-02-01 11:48:09,789 ----------------------------------------------------------------------------------------------------
2021-02-01 11:48:10,346 epoch 13 - iter 4/40 - loss 0.12817637 - samples/sec: 172.66 - lr: 0.100000
2021-02-01 11:48:10,884 epoch 13 - iter 8/40 - loss 0.13205552 - samples/sec: 178.76 - lr: 0.100000
2021-02-01 11:48:11,484 epoch 13 - iter 12/40 - loss 0.18186334 - samples/sec: 160.28 - lr: 0.100000
2021-02-01 11:48:12,012 epoch 13 - iter 16/40 - loss 0.23237519 - samples/sec: 182.16 - lr: 0.100000
2021-02-01 11:48:12,537 epoch 13 - iter 20/40 - loss 0.22875383 - samples/sec: 183.56 - lr: 0.100000
2021-02-01 11:48:13,113 epoch 13 - iter 24/40 - loss 0.23913983 - samples/sec: 166.67 - lr: 0.100000
2021-02-01 11:48:13,642 epoch 13 - iter 28/40 - loss 0.23210241 - samples/sec: 181.47 - lr: 0.100000
2021-02-01 11:48:14,188 epoch 13 - iter 32/40 - loss 0.22104059 - samples/sec: 176.15 - lr: 0.100000
2021-02-01 11:48:14,727 epoch 13 - iter 36/40 - loss 0.22141956 - samples/sec: 178.11 - lr: 0.100000
2021-02-01 11:48:15,241 epoch 13 - iter 40/40 - loss 0.22256657 - samples/sec: 187.13 - lr: 0.100000
2021-02-01 11:48:15,241 ----------------------------------------------------------------------------------------------------
2021-02-01 11:48:15,242 EPOCH 13 done: loss 0.2226 - lr 0.1000000
2021-02-01 11:48:16,376 DEV : loss 0.0685347393155098 - score 0.9867
2021-02-01 11:48:16,393 BAD EPOCHS (no improvement): 4
2021-02-01 11:48:16,394 ----------------------------------------------------------------------------------------------------
2021-02-01 11:48:16,910 epoch 14 - iter 4/40 - loss 0.20512081 - samples/sec: 186.41 - lr: 0.050000
2021-02-01 11:48:17,450 epoch 14 - iter 8/40 - loss 0.22450182 - samples/sec: 178.11 - lr: 0.050000
2021-02-01 11:48:18,036 epoch 14 - iter 12/40 - loss 0.19412905 - samples/sec: 163.82 - lr: 0.050000
2021-02-01 11:48:18,567 epoch 14 - iter 16/40 - loss 0.21508631 - samples/sec: 181.13 - lr: 0.050000
2021-02-01 11:48:19,093 epoch 14 - iter 20/40 - loss 0.21308240 - samples/sec: 182.51 - lr: 0.050000
2021-02-01 11:48:19,642 epoch 14 - iter 24/40 - loss 0.20951232 - samples/sec: 174.86 - lr: 0.050000
2021-02-01 11:48:20,166 epoch 14 - iter 28/40 - loss 0.22775836 - samples/sec: 183.54 - lr: 0.050000
2021-02-01 11:48:20,750 epoch 14 - iter 32/40 - loss 0.21955607 - samples/sec: 164.65 - lr: 0.050000
2021-02-01 11:48:21,288 epoch 14 - iter 36/40 - loss 0.21017991 - samples/sec: 178.44 - lr: 0.050000
2021-02-01 11:48:21,823 epoch 14 - iter 40/40 - loss 0.20756062 - samples/sec: 179.76 - lr: 0.050000
2021-02-01 11:48:21,823 ----------------------------------------------------------------------------------------------------
2021-02-01 11:48:21,824 EPOCH 14 done: loss 0.2076 - lr 0.0500000
2021-02-01 11:48:22,946 DEV : loss 0.04162704199552536 - score 0.99
2021-02-01 11:48:22,963 BAD EPOCHS (no improvement): 1
2021-02-01 11:48:22,964 ----------------------------------------------------------------------------------------------------
2021-02-01 11:48:23,492 epoch 15 - iter 4/40 - loss 0.16165543 - samples/sec: 182.17 - lr: 0.050000
2021-02-01 11:48:24,038 epoch 15 - iter 8/40 - loss 0.16842541 - samples/sec: 176.14 - lr: 0.050000
2021-02-01 11:48:24,643 epoch 15 - iter 12/40 - loss 0.18744016 - samples/sec: 158.94 - lr: 0.050000
2021-02-01 11:48:25,173 epoch 15 - iter 16/40 - loss 0.17642477 - samples/sec: 181.46 - lr: 0.050000
2021-02-01 11:48:25,744 epoch 15 - iter 20/40 - loss 0.18784398 - samples/sec: 168.41 - lr: 0.050000
2021-02-01 11:48:26,288 epoch 15 - iter 24/40 - loss 0.18974889 - samples/sec: 176.34 - lr: 0.050000
2021-02-01 11:48:26,828 epoch 15 - iter 28/40 - loss 0.19336095 - samples/sec: 178.42 - lr: 0.050000
2021-02-01 11:48:27,387 epoch 15 - iter 32/40 - loss 0.20911808 - samples/sec: 171.75 - lr: 0.050000
2021-02-01 11:48:27,954 epoch 15 - iter 36/40 - loss 0.20695997 - samples/sec: 169.59 - lr: 0.050000
2021-02-01 11:48:28,514 epoch 15 - iter 40/40 - loss 0.21372183 - samples/sec: 171.74 - lr: 0.050000
2021-02-01 11:48:28,515 ----------------------------------------------------------------------------------------------------
2021-02-01 11:48:28,516 EPOCH 15 done: loss 0.2137 - lr 0.0500000
2021-02-01 11:48:29,669 DEV : loss 0.04949627071619034 - score 0.9867
2021-02-01 11:48:29,686 BAD EPOCHS (no improvement): 2
2021-02-01 11:48:29,687 ----------------------------------------------------------------------------------------------------
2021-02-01 11:48:30,388 epoch 16 - iter 4/40 - loss 0.16951069 - samples/sec: 137.14 - lr: 0.050000
2021-02-01 11:48:30,960 epoch 16 - iter 8/40 - loss 0.22805644 - samples/sec: 168.13 - lr: 0.050000
2021-02-01 11:48:31,533 epoch 16 - iter 12/40 - loss 0.19637780 - samples/sec: 167.82 - lr: 0.050000
2021-02-01 11:48:32,072 epoch 16 - iter 16/40 - loss 0.20592073 - samples/sec: 178.43 - lr: 0.050000
2021-02-01 11:48:32,632 epoch 16 - iter 20/40 - loss 0.20886582 - samples/sec: 171.44 - lr: 0.050000
2021-02-01 11:48:33,214 epoch 16 - iter 24/40 - loss 0.19711997 - samples/sec: 165.51 - lr: 0.050000
2021-02-01 11:48:33,748 epoch 16 - iter 28/40 - loss 0.18417756 - samples/sec: 180.10 - lr: 0.050000
2021-02-01 11:48:34,322 epoch 16 - iter 32/40 - loss 0.18274453 - samples/sec: 167.83 - lr: 0.050000
2021-02-01 11:48:34,872 epoch 16 - iter 36/40 - loss 0.18261888 - samples/sec: 174.53 - lr: 0.050000
2021-02-01 11:48:35,419 epoch 16 - iter 40/40 - loss 0.18366926 - samples/sec: 175.85 - lr: 0.050000
2021-02-01 11:48:35,420 ----------------------------------------------------------------------------------------------------
2021-02-01 11:48:35,420 EPOCH 16 done: loss 0.1837 - lr 0.0500000
2021-02-01 11:48:36,553 DEV : loss 0.04371020942926407 - score 0.99
2021-02-01 11:48:36,571 BAD EPOCHS (no improvement): 3
2021-02-01 11:48:36,572 ----------------------------------------------------------------------------------------------------
2021-02-01 11:48:37,117 epoch 17 - iter 4/40 - loss 0.15302254 - samples/sec: 176.55 - lr: 0.050000
2021-02-01 11:48:37,681 epoch 17 - iter 8/40 - loss 0.18916039 - samples/sec: 170.50 - lr: 0.050000
2021-02-01 11:48:38,295 epoch 17 - iter 12/40 - loss 0.19714528 - samples/sec: 156.87 - lr: 0.050000
2021-02-01 11:48:38,829 epoch 17 - iter 16/40 - loss 0.19301274 - samples/sec: 179.78 - lr: 0.050000
2021-02-01 11:48:39,394 epoch 17 - iter 20/40 - loss 0.18726175 - samples/sec: 170.20 - lr: 0.050000
2021-02-01 11:48:39,951 epoch 17 - iter 24/40 - loss 0.21388915 - samples/sec: 172.35 - lr: 0.050000
2021-02-01 11:48:40,466 epoch 17 - iter 28/40 - loss 0.22080392 - samples/sec: 186.77 - lr: 0.050000
2021-02-01 11:48:41,034 epoch 17 - iter 32/40 - loss 0.21386130 - samples/sec: 169.62 - lr: 0.050000
2021-02-01 11:48:41,575 epoch 17 - iter 36/40 - loss 0.20139229 - samples/sec: 177.45 - lr: 0.050000
2021-02-01 11:48:42,153 epoch 17 - iter 40/40 - loss 0.21193592 - samples/sec: 166.08 - lr: 0.050000
2021-02-01 11:48:42,154 ----------------------------------------------------------------------------------------------------
2021-02-01 11:48:42,155 EPOCH 17 done: loss 0.2119 - lr 0.0500000
2021-02-01 11:48:43,433 DEV : loss 0.03770633414387703 - score 0.9933
2021-02-01 11:48:43,453 BAD EPOCHS (no improvement): 0
2021-02-01 11:48:46,772 ----------------------------------------------------------------------------------------------------
2021-02-01 11:48:47,297 epoch 18 - iter 4/40 - loss 0.18371396 - samples/sec: 183.21 - lr: 0.050000
2021-02-01 11:48:47,870 epoch 18 - iter 8/40 - loss 0.16687221 - samples/sec: 167.54 - lr: 0.050000
2021-02-01 11:48:48,413 epoch 18 - iter 12/40 - loss 0.17745764 - samples/sec: 176.78 - lr: 0.050000
2021-02-01 11:48:48,950 epoch 18 - iter 16/40 - loss 0.16257222 - samples/sec: 179.12 - lr: 0.050000
2021-02-01 11:48:49,491 epoch 18 - iter 20/40 - loss 0.15247874 - samples/sec: 177.77 - lr: 0.050000
2021-02-01 11:48:50,019 epoch 18 - iter 24/40 - loss 0.15740106 - samples/sec: 181.81 - lr: 0.050000
2021-02-01 11:48:50,590 epoch 18 - iter 28/40 - loss 0.15964438 - samples/sec: 168.42 - lr: 0.050000
2021-02-01 11:48:51,108 epoch 18 - iter 32/40 - loss 0.16212001 - samples/sec: 185.69 - lr: 0.050000
2021-02-01 11:48:51,660 epoch 18 - iter 36/40 - loss 0.16233242 - samples/sec: 173.91 - lr: 0.050000
2021-02-01 11:48:52,249 epoch 18 - iter 40/40 - loss 0.15569044 - samples/sec: 163.26 - lr: 0.050000
2021-02-01 11:48:52,250 ----------------------------------------------------------------------------------------------------
2021-02-01 11:48:52,250 EPOCH 18 done: loss 0.1557 - lr 0.0500000
2021-02-01 11:48:53,391 DEV : loss 0.04094585403800011 - score 0.99
2021-02-01 11:48:53,408 BAD EPOCHS (no improvement): 1
2021-02-01 11:48:53,409 ----------------------------------------------------------------------------------------------------
2021-02-01 11:48:53,949 epoch 19 - iter 4/40 - loss 0.14792991 - samples/sec: 178.10 - lr: 0.050000
2021-02-01 11:48:54,521 epoch 19 - iter 8/40 - loss 0.16161740 - samples/sec: 168.13 - lr: 0.050000
2021-02-01 11:48:55,063 epoch 19 - iter 12/40 - loss 0.15477009 - samples/sec: 177.76 - lr: 0.050000
2021-02-01 11:48:55,635 epoch 19 - iter 16/40 - loss 0.13752769 - samples/sec: 167.85 - lr: 0.050000
2021-02-01 11:48:56,158 epoch 19 - iter 20/40 - loss 0.14148519 - samples/sec: 183.54 - lr: 0.050000
2021-02-01 11:48:56,694 epoch 19 - iter 24/40 - loss 0.14807299 - samples/sec: 179.43 - lr: 0.050000
2021-02-01 11:48:57,262 epoch 19 - iter 28/40 - loss 0.15822615 - samples/sec: 169.02 - lr: 0.050000
2021-02-01 11:48:57,806 epoch 19 - iter 32/40 - loss 0.15414367 - samples/sec: 176.47 - lr: 0.050000
2021-02-01 11:48:58,376 epoch 19 - iter 36/40 - loss 0.16886720 - samples/sec: 168.72 - lr: 0.050000
2021-02-01 11:48:58,913 epoch 19 - iter 40/40 - loss 0.16953995 - samples/sec: 179.09 - lr: 0.050000
2021-02-01 11:48:58,914 ----------------------------------------------------------------------------------------------------
2021-02-01 11:48:58,914 EPOCH 19 done: loss 0.1695 - lr 0.0500000
2021-02-01 11:49:00,067 DEV : loss 0.04235628992319107 - score 0.99
2021-02-01 11:49:00,084 BAD EPOCHS (no improvement): 2
2021-02-01 11:49:00,085 ----------------------------------------------------------------------------------------------------
2021-02-01 11:49:00,614 epoch 20 - iter 4/40 - loss 0.11058657 - samples/sec: 181.81 - lr: 0.050000
2021-02-01 11:49:01,155 epoch 20 - iter 8/40 - loss 0.14783367 - samples/sec: 177.78 - lr: 0.050000
2021-02-01 11:49:01,695 epoch 20 - iter 12/40 - loss 0.12221366 - samples/sec: 177.78 - lr: 0.050000
2021-02-01 11:49:02,253 epoch 20 - iter 16/40 - loss 0.13019616 - samples/sec: 172.66 - lr: 0.050000
2021-02-01 11:49:02,801 epoch 20 - iter 20/40 - loss 0.13549969 - samples/sec: 175.49 - lr: 0.050000
2021-02-01 11:49:03,333 epoch 20 - iter 24/40 - loss 0.14107611 - samples/sec: 180.45 - lr: 0.050000
2021-02-01 11:49:03,895 epoch 20 - iter 28/40 - loss 0.15850573 - samples/sec: 171.11 - lr: 0.050000
2021-02-01 11:49:04,429 epoch 20 - iter 32/40 - loss 0.17000982 - samples/sec: 179.78 - lr: 0.050000
2021-02-01 11:49:05,006 epoch 20 - iter 36/40 - loss 0.17221307 - samples/sec: 166.66 - lr: 0.050000
2021-02-01 11:49:05,538 epoch 20 - iter 40/40 - loss 0.16347838 - samples/sec: 180.46 - lr: 0.050000
2021-02-01 11:49:05,539 ----------------------------------------------------------------------------------------------------
2021-02-01 11:49:05,540 EPOCH 20 done: loss 0.1635 - lr 0.0500000
2021-02-01 11:49:06,688 DEV : loss 0.033288776874542236 - score 0.99
2021-02-01 11:49:06,706 BAD EPOCHS (no improvement): 3
2021-02-01 11:49:06,706 ----------------------------------------------------------------------------------------------------
2021-02-01 11:49:07,247 epoch 21 - iter 4/40 - loss 0.11328491 - samples/sec: 178.10 - lr: 0.050000
2021-02-01 11:49:07,807 epoch 21 - iter 8/40 - loss 0.07943078 - samples/sec: 171.75 - lr: 0.050000
2021-02-01 11:49:08,341 epoch 21 - iter 12/40 - loss 0.09402577 - samples/sec: 180.45 - lr: 0.050000
2021-02-01 11:49:08,895 epoch 21 - iter 16/40 - loss 0.11774296 - samples/sec: 173.30 - lr: 0.050000
2021-02-01 11:49:09,467 epoch 21 - iter 20/40 - loss 0.12524150 - samples/sec: 168.11 - lr: 0.050000
2021-02-01 11:49:10,033 epoch 21 - iter 24/40 - loss 0.12390612 - samples/sec: 169.61 - lr: 0.050000
2021-02-01 11:49:10,629 epoch 21 - iter 28/40 - loss 0.12710368 - samples/sec: 161.35 - lr: 0.050000
2021-02-01 11:49:11,213 epoch 21 - iter 32/40 - loss 0.13072077 - samples/sec: 164.66 - lr: 0.050000
2021-02-01 11:49:11,776 epoch 21 - iter 36/40 - loss 0.14597096 - samples/sec: 170.51 - lr: 0.050000
2021-02-01 11:49:12,319 epoch 21 - iter 40/40 - loss 0.14032773 - samples/sec: 177.45 - lr: 0.050000
2021-02-01 11:49:12,320 ----------------------------------------------------------------------------------------------------
2021-02-01 11:49:12,320 EPOCH 21 done: loss 0.1403 - lr 0.0500000
2021-02-01 11:49:13,485 DEV : loss 0.03735361248254776 - score 0.99
2021-02-01 11:49:13,504 BAD EPOCHS (no improvement): 4
2021-02-01 11:49:13,505 ----------------------------------------------------------------------------------------------------
2021-02-01 11:49:14,079 epoch 22 - iter 4/40 - loss 0.15787014 - samples/sec: 167.53 - lr: 0.025000
2021-02-01 11:49:14,639 epoch 22 - iter 8/40 - loss 0.15916630 - samples/sec: 171.72 - lr: 0.025000
2021-02-01 11:49:15,189 epoch 22 - iter 12/40 - loss 0.13614416 - samples/sec: 174.56 - lr: 0.025000
2021-02-01 11:49:15,733 epoch 22 - iter 16/40 - loss 0.13307003 - samples/sec: 176.81 - lr: 0.025000
2021-02-01 11:49:16,286 epoch 22 - iter 20/40 - loss 0.13223599 - samples/sec: 174.23 - lr: 0.025000
2021-02-01 11:49:16,833 epoch 22 - iter 24/40 - loss 0.14423897 - samples/sec: 175.76 - lr: 0.025000
2021-02-01 11:49:17,373 epoch 22 - iter 28/40 - loss 0.13525792 - samples/sec: 178.10 - lr: 0.025000
2021-02-01 11:49:17,919 epoch 22 - iter 32/40 - loss 0.13137616 - samples/sec: 176.34 - lr: 0.025000
2021-02-01 11:49:18,457 epoch 22 - iter 36/40 - loss 0.13721238 - samples/sec: 178.75 - lr: 0.025000
2021-02-01 11:49:19,032 epoch 22 - iter 40/40 - loss 0.13731118 - samples/sec: 167.25 - lr: 0.025000
2021-02-01 11:49:19,033 ----------------------------------------------------------------------------------------------------
2021-02-01 11:49:19,033 EPOCH 22 done: loss 0.1373 - lr 0.0250000
2021-02-01 11:49:20,201 DEV : loss 0.02740776166319847 - score 0.9933
2021-02-01 11:49:20,220 BAD EPOCHS (no improvement): 0
2021-02-01 11:49:23,540 ----------------------------------------------------------------------------------------------------
2021-02-01 11:49:24,056 epoch 23 - iter 4/40 - loss 0.24286132 - samples/sec: 186.41 - lr: 0.025000
2021-02-01 11:49:24,592 epoch 23 - iter 8/40 - loss 0.20088151 - samples/sec: 179.25 - lr: 0.025000
2021-02-01 11:49:25,158 epoch 23 - iter 12/40 - loss 0.18538146 - samples/sec: 169.90 - lr: 0.025000
2021-02-01 11:49:25,687 epoch 23 - iter 16/40 - loss 0.17663160 - samples/sec: 181.88 - lr: 0.025000
2021-02-01 11:49:26,236 epoch 23 - iter 20/40 - loss 0.16779416 - samples/sec: 175.17 - lr: 0.025000
2021-02-01 11:49:26,782 epoch 23 - iter 24/40 - loss 0.17448346 - samples/sec: 176.15 - lr: 0.025000
2021-02-01 11:49:27,321 epoch 23 - iter 28/40 - loss 0.16743473 - samples/sec: 178.44 - lr: 0.025000
2021-02-01 11:49:27,925 epoch 23 - iter 32/40 - loss 0.16042247 - samples/sec: 158.94 - lr: 0.025000
2021-02-01 11:49:28,496 epoch 23 - iter 36/40 - loss 0.15534409 - samples/sec: 168.13 - lr: 0.025000
2021-02-01 11:49:29,078 epoch 23 - iter 40/40 - loss 0.15555839 - samples/sec: 165.23 - lr: 0.025000
2021-02-01 11:49:29,079 ----------------------------------------------------------------------------------------------------
2021-02-01 11:49:29,079 EPOCH 23 done: loss 0.1556 - lr 0.0250000
2021-02-01 11:49:30,242 DEV : loss 0.026347454637289047 - score 0.99
2021-02-01 11:49:30,265 BAD EPOCHS (no improvement): 1
2021-02-01 11:49:30,267 ----------------------------------------------------------------------------------------------------
2021-02-01 11:49:30,811 epoch 24 - iter 4/40 - loss 0.14775952 - samples/sec: 176.80 - lr: 0.025000
2021-02-01 11:49:31,384 epoch 24 - iter 8/40 - loss 0.14013712 - samples/sec: 167.54 - lr: 0.025000
2021-02-01 11:49:31,934 epoch 24 - iter 12/40 - loss 0.13759621 - samples/sec: 175.18 - lr: 0.025000
2021-02-01 11:49:32,465 epoch 24 - iter 16/40 - loss 0.13335789 - samples/sec: 180.79 - lr: 0.025000
2021-02-01 11:49:33,029 epoch 24 - iter 20/40 - loss 0.13961274 - samples/sec: 170.52 - lr: 0.025000
2021-02-01 11:49:33,559 epoch 24 - iter 24/40 - loss 0.12685667 - samples/sec: 181.13 - lr: 0.025000
2021-02-01 11:49:34,126 epoch 24 - iter 28/40 - loss 0.14140002 - samples/sec: 169.60 - lr: 0.025000
2021-02-01 11:49:34,678 epoch 24 - iter 32/40 - loss 0.13780130 - samples/sec: 174.23 - lr: 0.025000
2021-02-01 11:49:35,203 epoch 24 - iter 36/40 - loss 0.14012442 - samples/sec: 182.86 - lr: 0.025000
2021-02-01 11:49:35,773 epoch 24 - iter 40/40 - loss 0.13390172 - samples/sec: 168.72 - lr: 0.025000
2021-02-01 11:49:35,774 ----------------------------------------------------------------------------------------------------
2021-02-01 11:49:35,775 EPOCH 24 done: loss 0.1339 - lr 0.0250000
2021-02-01 11:49:36,945 DEV : loss 0.027666958048939705 - score 0.9917
2021-02-01 11:49:36,963 BAD EPOCHS (no improvement): 2
2021-02-01 11:49:36,964 ----------------------------------------------------------------------------------------------------
2021-02-01 11:49:37,510 epoch 25 - iter 4/40 - loss 0.12505246 - samples/sec: 176.15 - lr: 0.025000
2021-02-01 11:49:38,060 epoch 25 - iter 8/40 - loss 0.12553585 - samples/sec: 174.86 - lr: 0.025000
2021-02-01 11:49:38,620 epoch 25 - iter 12/40 - loss 0.12325904 - samples/sec: 171.42 - lr: 0.025000
2021-02-01 11:49:39,170 epoch 25 - iter 16/40 - loss 0.12250467 - samples/sec: 174.56 - lr: 0.025000
2021-02-01 11:49:39,706 epoch 25 - iter 20/40 - loss 0.11549026 - samples/sec: 179.44 - lr: 0.025000
2021-02-01 11:49:40,275 epoch 25 - iter 24/40 - loss 0.11647603 - samples/sec: 168.72 - lr: 0.025000
2021-02-01 11:49:40,811 epoch 25 - iter 28/40 - loss 0.11737941 - samples/sec: 179.44 - lr: 0.025000
2021-02-01 11:49:41,349 epoch 25 - iter 32/40 - loss 0.12544049 - samples/sec: 178.78 - lr: 0.025000
2021-02-01 11:49:41,894 epoch 25 - iter 36/40 - loss 0.12790164 - samples/sec: 176.15 - lr: 0.025000
2021-02-01 11:49:42,418 epoch 25 - iter 40/40 - loss 0.12570020 - samples/sec: 183.56 - lr: 0.025000
2021-02-01 11:49:42,418 ----------------------------------------------------------------------------------------------------
2021-02-01 11:49:42,419 EPOCH 25 done: loss 0.1257 - lr 0.0250000
2021-02-01 11:49:43,569 DEV : loss 0.02988404594361782 - score 0.99
2021-02-01 11:49:43,587 BAD EPOCHS (no improvement): 3
2021-02-01 11:49:43,588 ----------------------------------------------------------------------------------------------------
2021-02-01 11:49:44,150 epoch 26 - iter 4/40 - loss 0.14996140 - samples/sec: 171.11 - lr: 0.025000
2021-02-01 11:49:44,669 epoch 26 - iter 8/40 - loss 0.16278132 - samples/sec: 185.32 - lr: 0.025000
2021-02-01 11:49:45,205 epoch 26 - iter 12/40 - loss 0.13974418 - samples/sec: 179.43 - lr: 0.025000
2021-02-01 11:49:45,694 epoch 26 - iter 16/40 - loss 0.19402741 - samples/sec: 196.31 - lr: 0.025000
2021-02-01 11:49:46,256 epoch 26 - iter 20/40 - loss 0.17542541 - samples/sec: 171.11 - lr: 0.025000
2021-02-01 11:49:46,791 epoch 26 - iter 24/40 - loss 0.17835038 - samples/sec: 179.76 - lr: 0.025000
2021-02-01 11:49:47,345 epoch 26 - iter 28/40 - loss 0.17714398 - samples/sec: 173.58 - lr: 0.025000
2021-02-01 11:49:47,927 epoch 26 - iter 32/40 - loss 0.16554020 - samples/sec: 165.25 - lr: 0.025000
2021-02-01 11:49:48,485 epoch 26 - iter 36/40 - loss 0.16947798 - samples/sec: 172.36 - lr: 0.025000
2021-02-01 11:49:49,038 epoch 26 - iter 40/40 - loss 0.16285623 - samples/sec: 173.92 - lr: 0.025000
2021-02-01 11:49:49,039 ----------------------------------------------------------------------------------------------------
2021-02-01 11:49:49,039 EPOCH 26 done: loss 0.1629 - lr 0.0250000
2021-02-01 11:49:50,200 DEV : loss 0.025246622040867805 - score 0.9933
2021-02-01 11:49:50,218 BAD EPOCHS (no improvement): 0
2021-02-01 11:49:53,514 ----------------------------------------------------------------------------------------------------
2021-02-01 11:49:54,056 epoch 27 - iter 4/40 - loss 0.13427369 - samples/sec: 177.44 - lr: 0.025000
2021-02-01 11:49:54,616 epoch 27 - iter 8/40 - loss 0.12246537 - samples/sec: 171.88 - lr: 0.025000
2021-02-01 11:49:55,164 epoch 27 - iter 12/40 - loss 0.12382216 - samples/sec: 175.18 - lr: 0.025000
2021-02-01 11:49:55,711 epoch 27 - iter 16/40 - loss 0.12250402 - samples/sec: 175.80 - lr: 0.025000
2021-02-01 11:49:56,261 epoch 27 - iter 20/40 - loss 0.12067746 - samples/sec: 175.17 - lr: 0.025000
2021-02-01 11:49:56,827 epoch 27 - iter 24/40 - loss 0.12359396 - samples/sec: 169.58 - lr: 0.025000
2021-02-01 11:49:57,355 epoch 27 - iter 28/40 - loss 0.11474182 - samples/sec: 182.30 - lr: 0.025000
2021-02-01 11:49:57,888 epoch 27 - iter 32/40 - loss 0.12547215 - samples/sec: 180.06 - lr: 0.025000
2021-02-01 11:49:58,423 epoch 27 - iter 36/40 - loss 0.12406209 - samples/sec: 179.78 - lr: 0.025000
2021-02-01 11:49:59,018 epoch 27 - iter 40/40 - loss 0.12370624 - samples/sec: 161.62 - lr: 0.025000
2021-02-01 11:49:59,019 ----------------------------------------------------------------------------------------------------
2021-02-01 11:49:59,019 EPOCH 27 done: loss 0.1237 - lr 0.0250000
2021-02-01 11:50:00,153 DEV : loss 0.025729408487677574 - score 0.99
2021-02-01 11:50:00,170 BAD EPOCHS (no improvement): 1
2021-02-01 11:50:00,171 ----------------------------------------------------------------------------------------------------
2021-02-01 11:50:00,706 epoch 28 - iter 4/40 - loss 0.11827517 - samples/sec: 179.78 - lr: 0.025000
2021-02-01 11:50:01,255 epoch 28 - iter 8/40 - loss 0.08257807 - samples/sec: 175.18 - lr: 0.025000
2021-02-01 11:50:01,812 epoch 28 - iter 12/40 - loss 0.08396152 - samples/sec: 172.35 - lr: 0.025000
2021-02-01 11:50:02,374 epoch 28 - iter 16/40 - loss 0.14219129 - samples/sec: 170.82 - lr: 0.025000
2021-02-01 11:50:02,905 epoch 28 - iter 20/40 - loss 0.13928260 - samples/sec: 181.13 - lr: 0.025000
2021-02-01 11:50:03,460 epoch 28 - iter 24/40 - loss 0.13026156 - samples/sec: 173.28 - lr: 0.025000
2021-02-01 11:50:04,043 epoch 28 - iter 28/40 - loss 0.12964479 - samples/sec: 164.68 - lr: 0.025000
2021-02-01 11:50:04,619 epoch 28 - iter 32/40 - loss 0.12175687 - samples/sec: 166.95 - lr: 0.025000
2021-02-01 11:50:05,163 epoch 28 - iter 36/40 - loss 0.12245873 - samples/sec: 176.75 - lr: 0.025000
2021-02-01 11:50:05,706 epoch 28 - iter 40/40 - loss 0.11826773 - samples/sec: 177.13 - lr: 0.025000
2021-02-01 11:50:05,707 ----------------------------------------------------------------------------------------------------
2021-02-01 11:50:05,708 EPOCH 28 done: loss 0.1183 - lr 0.0250000
2021-02-01 11:50:06,840 DEV : loss 0.028199810534715652 - score 0.9933
2021-02-01 11:50:06,859 BAD EPOCHS (no improvement): 2
2021-02-01 11:50:06,860 ----------------------------------------------------------------------------------------------------
2021-02-01 11:50:07,444 epoch 29 - iter 4/40 - loss 0.08460140 - samples/sec: 164.67 - lr: 0.025000
2021-02-01 11:50:08,001 epoch 29 - iter 8/40 - loss 0.13589033 - samples/sec: 172.35 - lr: 0.025000
2021-02-01 11:50:08,527 epoch 29 - iter 12/40 - loss 0.15419449 - samples/sec: 182.86 - lr: 0.025000
2021-02-01 11:50:09,057 epoch 29 - iter 16/40 - loss 0.17199386 - samples/sec: 181.47 - lr: 0.025000
2021-02-01 11:50:09,614 epoch 29 - iter 20/40 - loss 0.17011769 - samples/sec: 172.67 - lr: 0.025000
2021-02-01 11:50:10,161 epoch 29 - iter 24/40 - loss 0.15966918 - samples/sec: 175.82 - lr: 0.025000
2021-02-01 11:50:10,714 epoch 29 - iter 28/40 - loss 0.15138506 - samples/sec: 173.91 - lr: 0.025000
2021-02-01 11:50:11,270 epoch 29 - iter 32/40 - loss 0.14068715 - samples/sec: 172.97 - lr: 0.025000
2021-02-01 11:50:11,810 epoch 29 - iter 36/40 - loss 0.15053041 - samples/sec: 178.11 - lr: 0.025000
2021-02-01 11:50:12,376 epoch 29 - iter 40/40 - loss 0.15235425 - samples/sec: 169.92 - lr: 0.025000
2021-02-01 11:50:12,377 ----------------------------------------------------------------------------------------------------
2021-02-01 11:50:12,377 EPOCH 29 done: loss 0.1524 - lr 0.0250000
2021-02-01 11:50:13,552 DEV : loss 0.022333987057209015 - score 0.9933
2021-02-01 11:50:13,571 BAD EPOCHS (no improvement): 0
2021-02-01 11:50:16,899 ----------------------------------------------------------------------------------------------------
2021-02-01 11:50:17,450 epoch 30 - iter 4/40 - loss 0.22683621 - samples/sec: 174.98 - lr: 0.025000
2021-02-01 11:50:17,978 epoch 30 - iter 8/40 - loss 0.23226186 - samples/sec: 182.16 - lr: 0.025000
2021-02-01 11:50:18,554 epoch 30 - iter 12/40 - loss 0.19937256 - samples/sec: 166.96 - lr: 0.025000
2021-02-01 11:50:19,127 epoch 30 - iter 16/40 - loss 0.19916682 - samples/sec: 167.54 - lr: 0.025000
2021-02-01 11:50:19,680 epoch 30 - iter 20/40 - loss 0.19670109 - samples/sec: 173.91 - lr: 0.025000
2021-02-01 11:50:20,224 epoch 30 - iter 24/40 - loss 0.18241901 - samples/sec: 176.81 - lr: 0.025000
2021-02-01 11:50:20,772 epoch 30 - iter 28/40 - loss 0.16821043 - samples/sec: 175.50 - lr: 0.025000
2021-02-01 11:50:21,331 epoch 30 - iter 32/40 - loss 0.16994103 - samples/sec: 172.04 - lr: 0.025000
2021-02-01 11:50:21,897 epoch 30 - iter 36/40 - loss 0.17620179 - samples/sec: 169.91 - lr: 0.025000
2021-02-01 11:50:22,440 epoch 30 - iter 40/40 - loss 0.17093973 - samples/sec: 177.12 - lr: 0.025000
2021-02-01 11:50:22,440 ----------------------------------------------------------------------------------------------------
2021-02-01 11:50:22,441 EPOCH 30 done: loss 0.1709 - lr 0.0250000
2021-02-01 11:50:23,597 DEV : loss 0.027369210496544838 - score 0.9933
2021-02-01 11:50:23,615 BAD EPOCHS (no improvement): 1
2021-02-01 11:50:23,616 ----------------------------------------------------------------------------------------------------
2021-02-01 11:50:24,151 epoch 31 - iter 4/40 - loss 0.07536102 - samples/sec: 180.45 - lr: 0.025000
2021-02-01 11:50:24,684 epoch 31 - iter 8/40 - loss 0.12091255 - samples/sec: 180.46 - lr: 0.025000
2021-02-01 11:50:25,241 epoch 31 - iter 12/40 - loss 0.13244015 - samples/sec: 172.66 - lr: 0.025000
2021-02-01 11:50:25,831 epoch 31 - iter 16/40 - loss 0.13838759 - samples/sec: 162.71 - lr: 0.025000
2021-02-01 11:50:26,388 epoch 31 - iter 20/40 - loss 0.13274932 - samples/sec: 172.35 - lr: 0.025000
2021-02-01 11:50:26,977 epoch 31 - iter 24/40 - loss 0.13349340 - samples/sec: 162.88 - lr: 0.025000
2021-02-01 11:50:27,529 epoch 31 - iter 28/40 - loss 0.12822094 - samples/sec: 174.53 - lr: 0.025000
2021-02-01 11:50:28,130 epoch 31 - iter 32/40 - loss 0.13020758 - samples/sec: 160.02 - lr: 0.025000
2021-02-01 11:50:28,651 epoch 31 - iter 36/40 - loss 0.12928286 - samples/sec: 184.60 - lr: 0.025000
2021-02-01 11:50:29,188 epoch 31 - iter 40/40 - loss 0.12151829 - samples/sec: 179.43 - lr: 0.025000
2021-02-01 11:50:29,189 ----------------------------------------------------------------------------------------------------
2021-02-01 11:50:29,190 EPOCH 31 done: loss 0.1215 - lr 0.0250000
2021-02-01 11:50:30,489 DEV : loss 0.026891253888607025 - score 0.9933
2021-02-01 11:50:30,507 BAD EPOCHS (no improvement): 2
2021-02-01 11:50:30,508 ----------------------------------------------------------------------------------------------------
2021-02-01 11:50:31,055 epoch 32 - iter 4/40 - loss 0.07717840 - samples/sec: 175.82 - lr: 0.025000
2021-02-01 11:50:31,587 epoch 32 - iter 8/40 - loss 0.10055689 - samples/sec: 180.79 - lr: 0.025000
2021-02-01 11:50:32,180 epoch 32 - iter 12/40 - loss 0.09460502 - samples/sec: 161.89 - lr: 0.025000
2021-02-01 11:50:32,761 epoch 32 - iter 16/40 - loss 0.08839339 - samples/sec: 165.52 - lr: 0.025000
2021-02-01 11:50:33,354 epoch 32 - iter 20/40 - loss 0.08942134 - samples/sec: 162.43 - lr: 0.025000
2021-02-01 11:50:33,892 epoch 32 - iter 24/40 - loss 0.10620943 - samples/sec: 178.45 - lr: 0.025000
2021-02-01 11:50:34,441 epoch 32 - iter 28/40 - loss 0.10958497 - samples/sec: 175.18 - lr: 0.025000
2021-02-01 11:50:34,994 epoch 32 - iter 32/40 - loss 0.10712019 - samples/sec: 173.60 - lr: 0.025000
2021-02-01 11:50:35,546 epoch 32 - iter 36/40 - loss 0.11457881 - samples/sec: 174.22 - lr: 0.025000
2021-02-01 11:50:36,063 epoch 32 - iter 40/40 - loss 0.12292935 - samples/sec: 185.70 - lr: 0.025000
2021-02-01 11:50:36,064 ----------------------------------------------------------------------------------------------------
2021-02-01 11:50:36,064 EPOCH 32 done: loss 0.1229 - lr 0.0250000
2021-02-01 11:50:37,224 DEV : loss 0.022949334233999252 - score 0.9933
2021-02-01 11:50:37,246 BAD EPOCHS (no improvement): 3
2021-02-01 11:50:37,248 ----------------------------------------------------------------------------------------------------
2021-02-01 11:50:37,780 epoch 33 - iter 4/40 - loss 0.07171464 - samples/sec: 181.13 - lr: 0.025000
2021-02-01 11:50:38,321 epoch 33 - iter 8/40 - loss 0.09732858 - samples/sec: 177.45 - lr: 0.025000
2021-02-01 11:50:38,872 epoch 33 - iter 12/40 - loss 0.10588000 - samples/sec: 174.56 - lr: 0.025000
2021-02-01 11:50:39,376 epoch 33 - iter 16/40 - loss 0.10389740 - samples/sec: 190.86 - lr: 0.025000
2021-02-01 11:50:39,906 epoch 33 - iter 20/40 - loss 0.12832297 - samples/sec: 181.13 - lr: 0.025000
2021-02-01 11:50:40,461 epoch 33 - iter 24/40 - loss 0.12680699 - samples/sec: 173.29 - lr: 0.025000
2021-02-01 11:50:41,012 epoch 33 - iter 28/40 - loss 0.13055793 - samples/sec: 174.55 - lr: 0.025000
2021-02-01 11:50:41,556 epoch 33 - iter 32/40 - loss 0.11996662 - samples/sec: 176.80 - lr: 0.025000
2021-02-01 11:50:42,084 epoch 33 - iter 36/40 - loss 0.11210000 - samples/sec: 182.49 - lr: 0.025000
2021-02-01 11:50:42,644 epoch 33 - iter 40/40 - loss 0.11421954 - samples/sec: 171.85 - lr: 0.025000
2021-02-01 11:50:42,645 ----------------------------------------------------------------------------------------------------
2021-02-01 11:50:42,645 EPOCH 33 done: loss 0.1142 - lr 0.0250000
2021-02-01 11:50:43,783 DEV : loss 0.020772866904735565 - score 0.9967
2021-02-01 11:50:43,800 BAD EPOCHS (no improvement): 0
2021-02-01 11:50:47,057 ----------------------------------------------------------------------------------------------------
2021-02-01 11:50:47,592 epoch 34 - iter 4/40 - loss 0.24602358 - samples/sec: 179.71 - lr: 0.025000
2021-02-01 11:50:48,135 epoch 34 - iter 8/40 - loss 0.15528802 - samples/sec: 176.75 - lr: 0.025000
2021-02-01 11:50:48,675 epoch 34 - iter 12/40 - loss 0.18452626 - samples/sec: 177.76 - lr: 0.025000
2021-02-01 11:50:49,190 epoch 34 - iter 16/40 - loss 0.18839849 - samples/sec: 186.77 - lr: 0.025000
2021-02-01 11:50:49,711 epoch 34 - iter 20/40 - loss 0.17385294 - samples/sec: 184.26 - lr: 0.025000
2021-02-01 11:50:50,252 epoch 34 - iter 24/40 - loss 0.17264606 - samples/sec: 177.75 - lr: 0.025000
2021-02-01 11:50:50,803 epoch 34 - iter 28/40 - loss 0.16847493 - samples/sec: 174.54 - lr: 0.025000
2021-02-01 11:50:51,335 epoch 34 - iter 32/40 - loss 0.16830063 - samples/sec: 180.81 - lr: 0.025000
2021-02-01 11:50:51,863 epoch 34 - iter 36/40 - loss 0.15818244 - samples/sec: 182.16 - lr: 0.025000
2021-02-01 11:50:52,392 epoch 34 - iter 40/40 - loss 0.14903518 - samples/sec: 181.47 - lr: 0.025000
2021-02-01 11:50:52,393 ----------------------------------------------------------------------------------------------------
2021-02-01 11:50:52,394 EPOCH 34 done: loss 0.1490 - lr 0.0250000
2021-02-01 11:50:53,536 DEV : loss 0.02664768323302269 - score 0.9933
2021-02-01 11:50:53,553 BAD EPOCHS (no improvement): 1
2021-02-01 11:50:53,554 ----------------------------------------------------------------------------------------------------
2021-02-01 11:50:54,151 epoch 35 - iter 4/40 - loss 0.12234982 - samples/sec: 161.06 - lr: 0.025000
2021-02-01 11:50:54,758 epoch 35 - iter 8/40 - loss 0.18019357 - samples/sec: 158.42 - lr: 0.025000
2021-02-01 11:50:55,347 epoch 35 - iter 12/40 - loss 0.17221572 - samples/sec: 163.26 - lr: 0.025000
2021-02-01 11:50:55,904 epoch 35 - iter 16/40 - loss 0.15710654 - samples/sec: 172.34 - lr: 0.025000
2021-02-01 11:50:56,470 epoch 35 - iter 20/40 - loss 0.14930801 - samples/sec: 169.91 - lr: 0.025000
2021-02-01 11:50:57,006 epoch 35 - iter 24/40 - loss 0.14562466 - samples/sec: 179.11 - lr: 0.025000
2021-02-01 11:50:57,534 epoch 35 - iter 28/40 - loss 0.13794069 - samples/sec: 181.82 - lr: 0.025000
2021-02-01 11:50:58,076 epoch 35 - iter 32/40 - loss 0.13775379 - samples/sec: 177.46 - lr: 0.025000
2021-02-01 11:50:58,640 epoch 35 - iter 36/40 - loss 0.13013856 - samples/sec: 170.20 - lr: 0.025000
2021-02-01 11:50:59,165 epoch 35 - iter 40/40 - loss 0.12902857 - samples/sec: 183.21 - lr: 0.025000
2021-02-01 11:50:59,166 ----------------------------------------------------------------------------------------------------
2021-02-01 11:50:59,167 EPOCH 35 done: loss 0.1290 - lr 0.0250000
2021-02-01 11:51:00,341 DEV : loss 0.022028153762221336 - score 0.9967
2021-02-01 11:51:00,358 BAD EPOCHS (no improvement): 2
2021-02-01 11:51:00,360 ----------------------------------------------------------------------------------------------------
2021-02-01 11:51:00,955 epoch 36 - iter 4/40 - loss 0.08124058 - samples/sec: 161.61 - lr: 0.025000
2021-02-01 11:51:01,514 epoch 36 - iter 8/40 - loss 0.06810630 - samples/sec: 172.04 - lr: 0.025000
2021-02-01 11:51:02,053 epoch 36 - iter 12/40 - loss 0.10031841 - samples/sec: 178.44 - lr: 0.025000
2021-02-01 11:51:02,583 epoch 36 - iter 16/40 - loss 0.09502550 - samples/sec: 181.48 - lr: 0.025000
2021-02-01 11:51:03,127 epoch 36 - iter 20/40 - loss 0.10449659 - samples/sec: 176.48 - lr: 0.025000
2021-02-01 11:51:03,667 epoch 36 - iter 24/40 - loss 0.12348381 - samples/sec: 178.10 - lr: 0.025000
2021-02-01 11:51:04,218 epoch 36 - iter 28/40 - loss 0.11885995 - samples/sec: 174.55 - lr: 0.025000
2021-02-01 11:51:04,737 epoch 36 - iter 32/40 - loss 0.11074497 - samples/sec: 184.97 - lr: 0.025000
2021-02-01 11:51:05,284 epoch 36 - iter 36/40 - loss 0.11415862 - samples/sec: 176.15 - lr: 0.025000
2021-02-01 11:51:05,841 epoch 36 - iter 40/40 - loss 0.11559329 - samples/sec: 172.36 - lr: 0.025000
2021-02-01 11:51:05,842 ----------------------------------------------------------------------------------------------------
2021-02-01 11:51:05,843 EPOCH 36 done: loss 0.1156 - lr 0.0250000
2021-02-01 11:51:06,969 DEV : loss 0.02187788113951683 - score 0.9933
2021-02-01 11:51:06,986 BAD EPOCHS (no improvement): 3
2021-02-01 11:51:06,987 ----------------------------------------------------------------------------------------------------
2021-02-01 11:51:07,562 epoch 37 - iter 4/40 - loss 0.16772866 - samples/sec: 167.26 - lr: 0.025000
2021-02-01 11:51:08,099 epoch 37 - iter 8/40 - loss 0.14184074 - samples/sec: 178.77 - lr: 0.025000
2021-02-01 11:51:08,637 epoch 37 - iter 12/40 - loss 0.16600776 - samples/sec: 178.77 - lr: 0.025000
2021-02-01 11:51:09,182 epoch 37 - iter 16/40 - loss 0.16391239 - samples/sec: 176.47 - lr: 0.025000
2021-02-01 11:51:09,748 epoch 37 - iter 20/40 - loss 0.15021379 - samples/sec: 169.91 - lr: 0.025000
2021-02-01 11:51:10,298 epoch 37 - iter 24/40 - loss 0.13507693 - samples/sec: 174.56 - lr: 0.025000
2021-02-01 11:51:10,834 epoch 37 - iter 28/40 - loss 0.13326086 - samples/sec: 179.11 - lr: 0.025000
2021-02-01 11:51:11,355 epoch 37 - iter 32/40 - loss 0.12517885 - samples/sec: 184.60 - lr: 0.025000
2021-02-01 11:51:11,885 epoch 37 - iter 36/40 - loss 0.12998467 - samples/sec: 181.13 - lr: 0.025000
2021-02-01 11:51:12,435 epoch 37 - iter 40/40 - loss 0.12835879 - samples/sec: 174.87 - lr: 0.025000
2021-02-01 11:51:12,436 ----------------------------------------------------------------------------------------------------
2021-02-01 11:51:12,437 EPOCH 37 done: loss 0.1284 - lr 0.0250000
2021-02-01 11:51:13,629 DEV : loss 0.0243424903601408 - score 0.99
2021-02-01 11:51:13,646 BAD EPOCHS (no improvement): 4
2021-02-01 11:51:13,647 ----------------------------------------------------------------------------------------------------
2021-02-01 11:51:14,222 epoch 38 - iter 4/40 - loss 0.05336793 - samples/sec: 167.53 - lr: 0.012500
2021-02-01 11:51:14,787 epoch 38 - iter 8/40 - loss 0.08502881 - samples/sec: 170.20 - lr: 0.012500
2021-02-01 11:51:15,331 epoch 38 - iter 12/40 - loss 0.10383227 - samples/sec: 176.79 - lr: 0.012500
2021-02-01 11:51:15,888 epoch 38 - iter 16/40 - loss 0.09838087 - samples/sec: 172.42 - lr: 0.012500
2021-02-01 11:51:16,458 epoch 38 - iter 20/40 - loss 0.09585678 - samples/sec: 168.42 - lr: 0.012500
2021-02-01 11:51:16,983 epoch 38 - iter 24/40 - loss 0.09099467 - samples/sec: 183.21 - lr: 0.012500
2021-02-01 11:51:17,550 epoch 38 - iter 28/40 - loss 0.09369932 - samples/sec: 169.60 - lr: 0.012500
2021-02-01 11:51:18,068 epoch 38 - iter 32/40 - loss 0.10030051 - samples/sec: 185.69 - lr: 0.012500
2021-02-01 11:51:18,616 epoch 38 - iter 36/40 - loss 0.10451654 - samples/sec: 175.51 - lr: 0.012500
2021-02-01 11:51:19,205 epoch 38 - iter 40/40 - loss 0.10167911 - samples/sec: 163.27 - lr: 0.012500
2021-02-01 11:51:19,205 ----------------------------------------------------------------------------------------------------
2021-02-01 11:51:19,206 EPOCH 38 done: loss 0.1017 - lr 0.0125000
2021-02-01 11:51:20,356 DEV : loss 0.022907396778464317 - score 0.9933
2021-02-01 11:51:20,374 BAD EPOCHS (no improvement): 1
2021-02-01 11:51:20,375 ----------------------------------------------------------------------------------------------------
2021-02-01 11:51:20,925 epoch 39 - iter 4/40 - loss 0.19935410 - samples/sec: 174.85 - lr: 0.012500
2021-02-01 11:51:21,488 epoch 39 - iter 8/40 - loss 0.13677498 - samples/sec: 170.81 - lr: 0.012500
2021-02-01 11:51:22,026 epoch 39 - iter 12/40 - loss 0.11469682 - samples/sec: 178.45 - lr: 0.012500
2021-02-01 11:51:22,577 epoch 39 - iter 16/40 - loss 0.12417154 - samples/sec: 174.54 - lr: 0.012500
2021-02-01 11:51:23,110 epoch 39 - iter 20/40 - loss 0.10817120 - samples/sec: 180.13 - lr: 0.012500
2021-02-01 11:51:23,674 epoch 39 - iter 24/40 - loss 0.12154799 - samples/sec: 170.20 - lr: 0.012500
2021-02-01 11:51:24,200 epoch 39 - iter 28/40 - loss 0.12431141 - samples/sec: 182.53 - lr: 0.012500
2021-02-01 11:51:24,733 epoch 39 - iter 32/40 - loss 0.13241110 - samples/sec: 180.10 - lr: 0.012500
2021-02-01 11:51:25,291 epoch 39 - iter 36/40 - loss 0.13482540 - samples/sec: 172.34 - lr: 0.012500
2021-02-01 11:51:25,832 epoch 39 - iter 40/40 - loss 0.13990668 - samples/sec: 177.78 - lr: 0.012500
2021-02-01 11:51:25,833 ----------------------------------------------------------------------------------------------------
2021-02-01 11:51:25,834 EPOCH 39 done: loss 0.1399 - lr 0.0125000
2021-02-01 11:51:26,950 DEV : loss 0.020041445270180702 - score 0.9933
2021-02-01 11:51:26,967 BAD EPOCHS (no improvement): 2
2021-02-01 11:51:26,969 ----------------------------------------------------------------------------------------------------
2021-02-01 11:51:27,486 epoch 40 - iter 4/40 - loss 0.09915249 - samples/sec: 186.40 - lr: 0.012500
2021-02-01 11:51:28,041 epoch 40 - iter 8/40 - loss 0.08775831 - samples/sec: 173.29 - lr: 0.012500
2021-02-01 11:51:28,582 epoch 40 - iter 12/40 - loss 0.09584207 - samples/sec: 177.44 - lr: 0.012500
2021-02-01 11:51:29,090 epoch 40 - iter 16/40 - loss 0.11549829 - samples/sec: 189.33 - lr: 0.012500
2021-02-01 11:51:29,673 epoch 40 - iter 20/40 - loss 0.13344238 - samples/sec: 164.95 - lr: 0.012500
2021-02-01 11:51:30,262 epoch 40 - iter 24/40 - loss 0.14266658 - samples/sec: 162.99 - lr: 0.012500
2021-02-01 11:51:30,823 epoch 40 - iter 28/40 - loss 0.13226859 - samples/sec: 171.72 - lr: 0.012500
2021-02-01 11:51:31,359 epoch 40 - iter 32/40 - loss 0.12572559 - samples/sec: 179.11 - lr: 0.012500
2021-02-01 11:51:31,915 epoch 40 - iter 36/40 - loss 0.12627967 - samples/sec: 172.70 - lr: 0.012500
2021-02-01 11:51:32,431 epoch 40 - iter 40/40 - loss 0.12383257 - samples/sec: 186.41 - lr: 0.012500
2021-02-01 11:51:32,432 ----------------------------------------------------------------------------------------------------
2021-02-01 11:51:32,432 EPOCH 40 done: loss 0.1238 - lr 0.0125000
2021-02-01 11:51:33,579 DEV : loss 0.022165412083268166 - score 0.9933
2021-02-01 11:51:33,596 BAD EPOCHS (no improvement): 3
2021-02-01 11:51:33,597 ----------------------------------------------------------------------------------------------------
2021-02-01 11:51:34,121 epoch 41 - iter 4/40 - loss 0.08936159 - samples/sec: 183.90 - lr: 0.012500
2021-02-01 11:51:34,654 epoch 41 - iter 8/40 - loss 0.10326020 - samples/sec: 180.12 - lr: 0.012500
2021-02-01 11:51:35,208 epoch 41 - iter 12/40 - loss 0.11127401 - samples/sec: 173.60 - lr: 0.012500
2021-02-01 11:51:35,743 epoch 41 - iter 16/40 - loss 0.12413643 - samples/sec: 179.78 - lr: 0.012500
2021-02-01 11:51:36,309 epoch 41 - iter 20/40 - loss 0.14550570 - samples/sec: 169.91 - lr: 0.012500
2021-02-01 11:51:36,869 epoch 41 - iter 24/40 - loss 0.14334970 - samples/sec: 172.04 - lr: 0.012500
2021-02-01 11:51:37,387 epoch 41 - iter 28/40 - loss 0.14473677 - samples/sec: 185.33 - lr: 0.012500
2021-02-01 11:51:37,957 epoch 41 - iter 32/40 - loss 0.14043384 - samples/sec: 168.72 - lr: 0.012500
2021-02-01 11:51:38,497 epoch 41 - iter 36/40 - loss 0.13207086 - samples/sec: 178.11 - lr: 0.012500
2021-02-01 11:51:39,057 epoch 41 - iter 40/40 - loss 0.13816184 - samples/sec: 171.72 - lr: 0.012500
2021-02-01 11:51:39,058 ----------------------------------------------------------------------------------------------------
2021-02-01 11:51:39,058 EPOCH 41 done: loss 0.1382 - lr 0.0125000
2021-02-01 11:51:40,212 DEV : loss 0.019173508509993553 - score 0.9933
2021-02-01 11:51:40,235 BAD EPOCHS (no improvement): 4
2021-02-01 11:51:40,236 ----------------------------------------------------------------------------------------------------
2021-02-01 11:51:40,765 epoch 42 - iter 4/40 - loss 0.10939265 - samples/sec: 182.16 - lr: 0.006250
2021-02-01 11:51:41,316 epoch 42 - iter 8/40 - loss 0.11209731 - samples/sec: 174.23 - lr: 0.006250
2021-02-01 11:51:41,871 epoch 42 - iter 12/40 - loss 0.10703530 - samples/sec: 173.30 - lr: 0.006250
2021-02-01 11:51:42,408 epoch 42 - iter 16/40 - loss 0.10791332 - samples/sec: 178.77 - lr: 0.006250
2021-02-01 11:51:42,995 epoch 42 - iter 20/40 - loss 0.11563449 - samples/sec: 163.81 - lr: 0.006250
2021-02-01 11:51:43,558 epoch 42 - iter 24/40 - loss 0.10496985 - samples/sec: 170.68 - lr: 0.006250
2021-02-01 11:51:44,108 epoch 42 - iter 28/40 - loss 0.10078522 - samples/sec: 174.88 - lr: 0.006250
2021-02-01 11:51:44,644 epoch 42 - iter 32/40 - loss 0.09784644 - samples/sec: 179.44 - lr: 0.006250
2021-02-01 11:51:45,183 epoch 42 - iter 36/40 - loss 0.11084156 - samples/sec: 178.77 - lr: 0.006250
2021-02-01 11:51:45,712 epoch 42 - iter 40/40 - loss 0.10783176 - samples/sec: 181.47 - lr: 0.006250
2021-02-01 11:51:45,712 ----------------------------------------------------------------------------------------------------
2021-02-01 11:51:45,713 EPOCH 42 done: loss 0.1078 - lr 0.0062500
2021-02-01 11:51:46,851 DEV : loss 0.01969796232879162 - score 0.9933
2021-02-01 11:51:46,870 BAD EPOCHS (no improvement): 1
2021-02-01 11:51:46,871 ----------------------------------------------------------------------------------------------------
2021-02-01 11:51:47,411 epoch 43 - iter 4/40 - loss 0.04445617 - samples/sec: 178.11 - lr: 0.006250
2021-02-01 11:51:47,961 epoch 43 - iter 8/40 - loss 0.11365347 - samples/sec: 175.18 - lr: 0.006250
2021-02-01 11:51:48,522 epoch 43 - iter 12/40 - loss 0.14761103 - samples/sec: 171.11 - lr: 0.006250
2021-02-01 11:51:49,052 epoch 43 - iter 16/40 - loss 0.13677767 - samples/sec: 181.46 - lr: 0.006250
2021-02-01 11:51:49,631 epoch 43 - iter 20/40 - loss 0.13726083 - samples/sec: 166.09 - lr: 0.006250
2021-02-01 11:51:50,173 epoch 43 - iter 24/40 - loss 0.12276076 - samples/sec: 177.44 - lr: 0.006250
2021-02-01 11:51:50,696 epoch 43 - iter 28/40 - loss 0.13009969 - samples/sec: 183.91 - lr: 0.006250
2021-02-01 11:51:51,251 epoch 43 - iter 32/40 - loss 0.13685902 - samples/sec: 173.28 - lr: 0.006250
2021-02-01 11:51:51,835 epoch 43 - iter 36/40 - loss 0.12998537 - samples/sec: 164.38 - lr: 0.006250
2021-02-01 11:51:52,395 epoch 43 - iter 40/40 - loss 0.12760878 - samples/sec: 171.43 - lr: 0.006250
2021-02-01 11:51:52,396 ----------------------------------------------------------------------------------------------------
2021-02-01 11:51:52,397 EPOCH 43 done: loss 0.1276 - lr 0.0062500
2021-02-01 11:51:53,532 DEV : loss 0.021557990461587906 - score 0.9933
2021-02-01 11:51:53,549 BAD EPOCHS (no improvement): 2
2021-02-01 11:51:53,550 ----------------------------------------------------------------------------------------------------
2021-02-01 11:51:54,086 epoch 44 - iter 4/40 - loss 0.10610620 - samples/sec: 179.43 - lr: 0.006250
2021-02-01 11:51:54,650 epoch 44 - iter 8/40 - loss 0.09085449 - samples/sec: 170.50 - lr: 0.006250
2021-02-01 11:51:55,141 epoch 44 - iter 12/40 - loss 0.08223645 - samples/sec: 195.52 - lr: 0.006250
2021-02-01 11:51:55,700 epoch 44 - iter 16/40 - loss 0.09757471 - samples/sec: 172.03 - lr: 0.006250
2021-02-01 11:51:56,300 epoch 44 - iter 20/40 - loss 0.08923785 - samples/sec: 160.00 - lr: 0.006250
2021-02-01 11:51:56,842 epoch 44 - iter 24/40 - loss 0.09712845 - samples/sec: 177.43 - lr: 0.006250
2021-02-01 11:51:57,397 epoch 44 - iter 28/40 - loss 0.10458859 - samples/sec: 173.30 - lr: 0.006250
2021-02-01 11:51:57,907 epoch 44 - iter 32/40 - loss 0.10565280 - samples/sec: 188.24 - lr: 0.006250
2021-02-01 11:51:58,478 epoch 44 - iter 36/40 - loss 0.11230749 - samples/sec: 168.41 - lr: 0.006250
2021-02-01 11:51:59,039 epoch 44 - iter 40/40 - loss 0.11280394 - samples/sec: 171.73 - lr: 0.006250
2021-02-01 11:51:59,040 ----------------------------------------------------------------------------------------------------
2021-02-01 11:51:59,040 EPOCH 44 done: loss 0.1128 - lr 0.0062500
2021-02-01 11:52:00,193 DEV : loss 0.02148115262389183 - score 0.9933
2021-02-01 11:52:00,214 BAD EPOCHS (no improvement): 3
2021-02-01 11:52:00,215 ----------------------------------------------------------------------------------------------------
2021-02-01 11:52:00,757 epoch 45 - iter 4/40 - loss 0.11707878 - samples/sec: 177.78 - lr: 0.006250
2021-02-01 11:52:01,342 epoch 45 - iter 8/40 - loss 0.17299478 - samples/sec: 164.37 - lr: 0.006250
2021-02-01 11:52:01,893 epoch 45 - iter 12/40 - loss 0.15508340 - samples/sec: 174.55 - lr: 0.006250
2021-02-01 11:52:02,449 epoch 45 - iter 16/40 - loss 0.13263232 - samples/sec: 172.65 - lr: 0.006250
2021-02-01 11:52:02,973 epoch 45 - iter 20/40 - loss 0.12231369 - samples/sec: 183.89 - lr: 0.006250
2021-02-01 11:52:03,497 epoch 45 - iter 24/40 - loss 0.12148895 - samples/sec: 183.22 - lr: 0.006250
2021-02-01 11:52:04,047 epoch 45 - iter 28/40 - loss 0.12520506 - samples/sec: 174.86 - lr: 0.006250
2021-02-01 11:52:04,595 epoch 45 - iter 32/40 - loss 0.12619113 - samples/sec: 175.49 - lr: 0.006250
2021-02-01 11:52:05,148 epoch 45 - iter 36/40 - loss 0.12964209 - samples/sec: 173.62 - lr: 0.006250
2021-02-01 11:52:05,687 epoch 45 - iter 40/40 - loss 0.12576600 - samples/sec: 178.43 - lr: 0.006250
2021-02-01 11:52:05,688 ----------------------------------------------------------------------------------------------------
2021-02-01 11:52:05,689 EPOCH 45 done: loss 0.1258 - lr 0.0062500
2021-02-01 11:52:06,857 DEV : loss 0.020215217024087906 - score 0.9933
2021-02-01 11:52:06,874 BAD EPOCHS (no improvement): 4
2021-02-01 11:52:06,875 ----------------------------------------------------------------------------------------------------
2021-02-01 11:52:07,419 epoch 46 - iter 4/40 - loss 0.12349622 - samples/sec: 177.11 - lr: 0.003125
2021-02-01 11:52:07,939 epoch 46 - iter 8/40 - loss 0.09361478 - samples/sec: 185.32 - lr: 0.003125
2021-02-01 11:52:08,460 epoch 46 - iter 12/40 - loss 0.09922007 - samples/sec: 184.26 - lr: 0.003125
2021-02-01 11:52:08,982 epoch 46 - iter 16/40 - loss 0.11044854 - samples/sec: 184.24 - lr: 0.003125
2021-02-01 11:52:09,553 epoch 46 - iter 20/40 - loss 0.13114314 - samples/sec: 168.13 - lr: 0.003125
2021-02-01 11:52:10,134 epoch 46 - iter 24/40 - loss 0.11892057 - samples/sec: 164.99 - lr: 0.003125
2021-02-01 11:52:10,671 epoch 46 - iter 28/40 - loss 0.10879150 - samples/sec: 178.77 - lr: 0.003125
2021-02-01 11:52:11,220 epoch 46 - iter 32/40 - loss 0.10067586 - samples/sec: 174.86 - lr: 0.003125
2021-02-01 11:52:11,750 epoch 46 - iter 36/40 - loss 0.10661051 - samples/sec: 181.13 - lr: 0.003125
2021-02-01 11:52:12,314 epoch 46 - iter 40/40 - loss 0.10112204 - samples/sec: 170.82 - lr: 0.003125
2021-02-01 11:52:12,315 ----------------------------------------------------------------------------------------------------
2021-02-01 11:52:12,316 EPOCH 46 done: loss 0.1011 - lr 0.0031250
2021-02-01 11:52:13,485 DEV : loss 0.020875748246908188 - score 0.9933
2021-02-01 11:52:13,502 BAD EPOCHS (no improvement): 1
2021-02-01 11:52:13,503 ----------------------------------------------------------------------------------------------------
2021-02-01 11:52:14,012 epoch 47 - iter 4/40 - loss 0.07725207 - samples/sec: 188.97 - lr: 0.003125
2021-02-01 11:52:14,607 epoch 47 - iter 8/40 - loss 0.09128650 - samples/sec: 161.62 - lr: 0.003125
2021-02-01 11:52:15,340 epoch 47 - iter 12/40 - loss 0.07872380 - samples/sec: 131.15 - lr: 0.003125
2021-02-01 11:52:15,898 epoch 47 - iter 16/40 - loss 0.09612310 - samples/sec: 172.04 - lr: 0.003125
2021-02-01 11:52:16,448 epoch 47 - iter 20/40 - loss 0.10666787 - samples/sec: 174.85 - lr: 0.003125
2021-02-01 11:52:17,015 epoch 47 - iter 24/40 - loss 0.11683901 - samples/sec: 169.62 - lr: 0.003125
2021-02-01 11:52:17,555 epoch 47 - iter 28/40 - loss 0.11384490 - samples/sec: 178.11 - lr: 0.003125
2021-02-01 11:52:18,100 epoch 47 - iter 32/40 - loss 0.12044077 - samples/sec: 176.47 - lr: 0.003125
2021-02-01 11:52:18,635 epoch 47 - iter 36/40 - loss 0.12164299 - samples/sec: 180.11 - lr: 0.003125
2021-02-01 11:52:19,181 epoch 47 - iter 40/40 - loss 0.11850296 - samples/sec: 176.15 - lr: 0.003125
2021-02-01 11:52:19,181 ----------------------------------------------------------------------------------------------------
2021-02-01 11:52:19,182 EPOCH 47 done: loss 0.1185 - lr 0.0031250
2021-02-01 11:52:20,308 DEV : loss 0.0209732074290514 - score 0.9933
2021-02-01 11:52:20,325 BAD EPOCHS (no improvement): 2
2021-02-01 11:52:20,326 ----------------------------------------------------------------------------------------------------
2021-02-01 11:52:20,883 epoch 48 - iter 4/40 - loss 0.09845988 - samples/sec: 172.66 - lr: 0.003125
2021-02-01 11:52:21,438 epoch 48 - iter 8/40 - loss 0.13904659 - samples/sec: 173.29 - lr: 0.003125
2021-02-01 11:52:21,976 epoch 48 - iter 12/40 - loss 0.13955787 - samples/sec: 178.78 - lr: 0.003125
2021-02-01 11:52:22,548 epoch 48 - iter 16/40 - loss 0.12367028 - samples/sec: 168.13 - lr: 0.003125
2021-02-01 11:52:23,172 epoch 48 - iter 20/40 - loss 0.13194216 - samples/sec: 153.85 - lr: 0.003125
2021-02-01 11:52:23,704 epoch 48 - iter 24/40 - loss 0.14091027 - samples/sec: 180.45 - lr: 0.003125
2021-02-01 11:52:24,247 epoch 48 - iter 28/40 - loss 0.13202328 - samples/sec: 177.12 - lr: 0.003125
2021-02-01 11:52:24,806 epoch 48 - iter 32/40 - loss 0.13399294 - samples/sec: 172.04 - lr: 0.003125
2021-02-01 11:52:25,357 epoch 48 - iter 36/40 - loss 0.12850501 - samples/sec: 174.55 - lr: 0.003125
2021-02-01 11:52:25,879 epoch 48 - iter 40/40 - loss 0.12862008 - samples/sec: 183.91 - lr: 0.003125
2021-02-01 11:52:25,880 ----------------------------------------------------------------------------------------------------
2021-02-01 11:52:25,881 EPOCH 48 done: loss 0.1286 - lr 0.0031250
2021-02-01 11:52:27,019 DEV : loss 0.022493455559015274 - score 0.9933
2021-02-01 11:52:27,036 BAD EPOCHS (no improvement): 3
2021-02-01 11:52:27,037 ----------------------------------------------------------------------------------------------------
2021-02-01 11:52:27,583 epoch 49 - iter 4/40 - loss 0.04983648 - samples/sec: 176.15 - lr: 0.003125
2021-02-01 11:52:28,127 epoch 49 - iter 8/40 - loss 0.08991281 - samples/sec: 176.80 - lr: 0.003125
2021-02-01 11:52:28,655 epoch 49 - iter 12/40 - loss 0.08698856 - samples/sec: 182.16 - lr: 0.003125
2021-02-01 11:52:29,195 epoch 49 - iter 16/40 - loss 0.10525859 - samples/sec: 178.10 - lr: 0.003125
2021-02-01 11:52:29,768 epoch 49 - iter 20/40 - loss 0.12720560 - samples/sec: 167.82 - lr: 0.003125
2021-02-01 11:52:30,316 epoch 49 - iter 24/40 - loss 0.12264845 - samples/sec: 175.50 - lr: 0.003125
2021-02-01 11:52:30,869 epoch 49 - iter 28/40 - loss 0.11183071 - samples/sec: 173.59 - lr: 0.003125
2021-02-01 11:52:31,398 epoch 49 - iter 32/40 - loss 0.11115588 - samples/sec: 181.80 - lr: 0.003125
2021-02-01 11:52:31,921 epoch 49 - iter 36/40 - loss 0.10533910 - samples/sec: 183.91 - lr: 0.003125
2021-02-01 11:52:32,439 epoch 49 - iter 40/40 - loss 0.10121494 - samples/sec: 185.32 - lr: 0.003125
2021-02-01 11:52:32,440 ----------------------------------------------------------------------------------------------------
2021-02-01 11:52:32,440 EPOCH 49 done: loss 0.1012 - lr 0.0031250
2021-02-01 11:52:33,592 DEV : loss 0.021880289539694786 - score 0.9933
2021-02-01 11:52:33,609 BAD EPOCHS (no improvement): 4
2021-02-01 11:52:33,610 ----------------------------------------------------------------------------------------------------
2021-02-01 11:52:34,146 epoch 50 - iter 4/40 - loss 0.07372825 - samples/sec: 179.44 - lr: 0.001563
2021-02-01 11:52:34,682 epoch 50 - iter 8/40 - loss 0.12304000 - samples/sec: 179.43 - lr: 0.001563
2021-02-01 11:52:35,270 epoch 50 - iter 12/40 - loss 0.12797422 - samples/sec: 163.68 - lr: 0.001563
2021-02-01 11:52:35,811 epoch 50 - iter 16/40 - loss 0.11127709 - samples/sec: 178.11 - lr: 0.001563
2021-02-01 11:52:36,349 epoch 50 - iter 20/40 - loss 0.13592395 - samples/sec: 178.44 - lr: 0.001563
2021-02-01 11:52:36,882 epoch 50 - iter 24/40 - loss 0.12317095 - samples/sec: 180.45 - lr: 0.001563
2021-02-01 11:52:37,414 epoch 50 - iter 28/40 - loss 0.12631064 - samples/sec: 180.79 - lr: 0.001563
2021-02-01 11:52:37,988 epoch 50 - iter 32/40 - loss 0.12495570 - samples/sec: 167.54 - lr: 0.001563
2021-02-01 11:52:38,548 epoch 50 - iter 36/40 - loss 0.11733960 - samples/sec: 171.74 - lr: 0.001563
2021-02-01 11:52:39,077 epoch 50 - iter 40/40 - loss 0.13220170 - samples/sec: 181.47 - lr: 0.001563
2021-02-01 11:52:39,078 ----------------------------------------------------------------------------------------------------
2021-02-01 11:52:39,079 EPOCH 50 done: loss 0.1322 - lr 0.0015625
2021-02-01 11:52:40,243 DEV : loss 0.021491369232535362 - score 0.9933
2021-02-01 11:52:40,260 BAD EPOCHS (no improvement): 1
2021-02-01 11:52:40,261 ----------------------------------------------------------------------------------------------------
2021-02-01 11:52:40,833 epoch 51 - iter 4/40 - loss 0.07804005 - samples/sec: 168.13 - lr: 0.001563
2021-02-01 11:52:41,385 epoch 51 - iter 8/40 - loss 0.10142633 - samples/sec: 174.21 - lr: 0.001563
2021-02-01 11:52:41,917 epoch 51 - iter 12/40 - loss 0.10513348 - samples/sec: 180.79 - lr: 0.001563
2021-02-01 11:52:42,467 epoch 51 - iter 16/40 - loss 0.09192002 - samples/sec: 174.55 - lr: 0.001563
2021-02-01 11:52:43,021 epoch 51 - iter 20/40 - loss 0.11710930 - samples/sec: 173.61 - lr: 0.001563
2021-02-01 11:52:43,543 epoch 51 - iter 24/40 - loss 0.13163065 - samples/sec: 183.91 - lr: 0.001563
2021-02-01 11:52:44,076 epoch 51 - iter 28/40 - loss 0.12591744 - samples/sec: 180.45 - lr: 0.001563
2021-02-01 11:52:44,630 epoch 51 - iter 32/40 - loss 0.13386240 - samples/sec: 173.60 - lr: 0.001563
2021-02-01 11:52:45,190 epoch 51 - iter 36/40 - loss 0.13382136 - samples/sec: 171.74 - lr: 0.001563
2021-02-01 11:52:45,764 epoch 51 - iter 40/40 - loss 0.12589937 - samples/sec: 167.55 - lr: 0.001563
2021-02-01 11:52:45,765 ----------------------------------------------------------------------------------------------------
2021-02-01 11:52:45,765 EPOCH 51 done: loss 0.1259 - lr 0.0015625
2021-02-01 11:52:46,914 DEV : loss 0.021272866055369377 - score 0.9933
2021-02-01 11:52:46,932 BAD EPOCHS (no improvement): 2
2021-02-01 11:52:46,933 ----------------------------------------------------------------------------------------------------
2021-02-01 11:52:47,474 epoch 52 - iter 4/40 - loss 0.07938385 - samples/sec: 177.78 - lr: 0.001563
2021-02-01 11:52:48,041 epoch 52 - iter 8/40 - loss 0.10100675 - samples/sec: 169.61 - lr: 0.001563
2021-02-01 11:52:48,647 epoch 52 - iter 12/40 - loss 0.11449221 - samples/sec: 158.68 - lr: 0.001563
2021-02-01 11:52:49,221 epoch 52 - iter 16/40 - loss 0.13285925 - samples/sec: 167.83 - lr: 0.001563
2021-02-01 11:52:49,782 epoch 52 - iter 20/40 - loss 0.11428210 - samples/sec: 171.74 - lr: 0.001563
2021-02-01 11:52:50,312 epoch 52 - iter 24/40 - loss 0.11166083 - samples/sec: 181.47 - lr: 0.001563
2021-02-01 11:52:50,863 epoch 52 - iter 28/40 - loss 0.11417728 - samples/sec: 174.54 - lr: 0.001563
2021-02-01 11:52:51,381 epoch 52 - iter 32/40 - loss 0.11909659 - samples/sec: 185.70 - lr: 0.001563
2021-02-01 11:52:51,938 epoch 52 - iter 36/40 - loss 0.12094796 - samples/sec: 172.35 - lr: 0.001563
2021-02-01 11:52:52,477 epoch 52 - iter 40/40 - loss 0.11336379 - samples/sec: 178.44 - lr: 0.001563
2021-02-01 11:52:52,478 ----------------------------------------------------------------------------------------------------
2021-02-01 11:52:52,478 EPOCH 52 done: loss 0.1134 - lr 0.0015625
2021-02-01 11:52:53,644 DEV : loss 0.02122827246785164 - score 0.9933
2021-02-01 11:52:53,661 BAD EPOCHS (no improvement): 3
2021-02-01 11:52:53,662 ----------------------------------------------------------------------------------------------------
2021-02-01 11:52:54,223 epoch 53 - iter 4/40 - loss 0.07496039 - samples/sec: 171.74 - lr: 0.001563
2021-02-01 11:52:54,776 epoch 53 - iter 8/40 - loss 0.09729743 - samples/sec: 173.91 - lr: 0.001563
2021-02-01 11:52:55,337 epoch 53 - iter 12/40 - loss 0.10404105 - samples/sec: 171.74 - lr: 0.001563
2021-02-01 11:52:55,874 epoch 53 - iter 16/40 - loss 0.11808575 - samples/sec: 179.44 - lr: 0.001563
2021-02-01 11:52:56,440 epoch 53 - iter 20/40 - loss 0.10499514 - samples/sec: 169.91 - lr: 0.001563
2021-02-01 11:52:56,992 epoch 53 - iter 24/40 - loss 0.10441214 - samples/sec: 173.90 - lr: 0.001563
2021-02-01 11:52:57,548 epoch 53 - iter 28/40 - loss 0.10810817 - samples/sec: 172.99 - lr: 0.001563
2021-02-01 11:52:58,108 epoch 53 - iter 32/40 - loss 0.11165994 - samples/sec: 171.74 - lr: 0.001563
2021-02-01 11:52:58,646 epoch 53 - iter 36/40 - loss 0.11493309 - samples/sec: 178.44 - lr: 0.001563
2021-02-01 11:52:59,235 epoch 53 - iter 40/40 - loss 0.11436906 - samples/sec: 162.99 - lr: 0.001563
2021-02-01 11:52:59,236 ----------------------------------------------------------------------------------------------------
2021-02-01 11:52:59,237 EPOCH 53 done: loss 0.1144 - lr 0.0015625
2021-02-01 11:53:00,409 DEV : loss 0.021011125296354294 - score 0.9933
2021-02-01 11:53:00,427 BAD EPOCHS (no improvement): 4
2021-02-01 11:53:00,428 ----------------------------------------------------------------------------------------------------
2021-02-01 11:53:00,999 epoch 54 - iter 4/40 - loss 0.08900944 - samples/sec: 168.42 - lr: 0.000781
2021-02-01 11:53:01,565 epoch 54 - iter 8/40 - loss 0.10279588 - samples/sec: 169.61 - lr: 0.000781
2021-02-01 11:53:02,106 epoch 54 - iter 12/40 - loss 0.11542498 - samples/sec: 177.45 - lr: 0.000781
2021-02-01 11:53:02,638 epoch 54 - iter 16/40 - loss 0.10660817 - samples/sec: 180.79 - lr: 0.000781
2021-02-01 11:53:03,215 epoch 54 - iter 20/40 - loss 0.10437282 - samples/sec: 166.37 - lr: 0.000781
2021-02-01 11:53:03,726 epoch 54 - iter 24/40 - loss 0.10523689 - samples/sec: 187.88 - lr: 0.000781
2021-02-01 11:53:04,266 epoch 54 - iter 28/40 - loss 0.10414582 - samples/sec: 178.11 - lr: 0.000781
2021-02-01 11:53:04,808 epoch 54 - iter 32/40 - loss 0.10893602 - samples/sec: 177.44 - lr: 0.000781
2021-02-01 11:53:05,348 epoch 54 - iter 36/40 - loss 0.10753425 - samples/sec: 178.09 - lr: 0.000781
2021-02-01 11:53:05,897 epoch 54 - iter 40/40 - loss 0.10171315 - samples/sec: 175.17 - lr: 0.000781
2021-02-01 11:53:05,898 ----------------------------------------------------------------------------------------------------
2021-02-01 11:53:05,898 EPOCH 54 done: loss 0.1017 - lr 0.0007813
2021-02-01 11:53:07,032 DEV : loss 0.021085012704133987 - score 0.9933
2021-02-01 11:53:07,050 BAD EPOCHS (no improvement): 1
2021-02-01 11:53:07,051 ----------------------------------------------------------------------------------------------------
2021-02-01 11:53:07,572 epoch 55 - iter 4/40 - loss 0.08971198 - samples/sec: 184.95 - lr: 0.000781
2021-02-01 11:53:08,130 epoch 55 - iter 8/40 - loss 0.14164043 - samples/sec: 172.05 - lr: 0.000781
2021-02-01 11:53:08,650 epoch 55 - iter 12/40 - loss 0.17721097 - samples/sec: 184.97 - lr: 0.000781
2021-02-01 11:53:09,214 epoch 55 - iter 16/40 - loss 0.18447425 - samples/sec: 170.21 - lr: 0.000781
2021-02-01 11:53:09,738 epoch 55 - iter 20/40 - loss 0.15919171 - samples/sec: 183.20 - lr: 0.000781
2021-02-01 11:53:10,265 epoch 55 - iter 24/40 - loss 0.14610578 - samples/sec: 182.50 - lr: 0.000781
2021-02-01 11:53:10,811 epoch 55 - iter 28/40 - loss 0.14320691 - samples/sec: 175.84 - lr: 0.000781
2021-02-01 11:53:11,393 epoch 55 - iter 32/40 - loss 0.13219425 - samples/sec: 165.22 - lr: 0.000781
2021-02-01 11:53:11,924 epoch 55 - iter 36/40 - loss 0.13203926 - samples/sec: 181.12 - lr: 0.000781
2021-02-01 11:53:12,452 epoch 55 - iter 40/40 - loss 0.13334750 - samples/sec: 181.82 - lr: 0.000781
2021-02-01 11:53:12,453 ----------------------------------------------------------------------------------------------------
2021-02-01 11:53:12,453 EPOCH 55 done: loss 0.1333 - lr 0.0007813
2021-02-01 11:53:13,596 DEV : loss 0.020668212324380875 - score 0.9933
2021-02-01 11:53:13,613 BAD EPOCHS (no improvement): 2
2021-02-01 11:53:13,614 ----------------------------------------------------------------------------------------------------
2021-02-01 11:53:14,175 epoch 56 - iter 4/40 - loss 0.11211944 - samples/sec: 171.42 - lr: 0.000781
2021-02-01 11:53:14,730 epoch 56 - iter 8/40 - loss 0.11723970 - samples/sec: 173.58 - lr: 0.000781
2021-02-01 11:53:15,303 epoch 56 - iter 12/40 - loss 0.09448681 - samples/sec: 167.84 - lr: 0.000781
2021-02-01 11:53:15,847 epoch 56 - iter 16/40 - loss 0.09647347 - samples/sec: 176.80 - lr: 0.000781
2021-02-01 11:53:16,414 epoch 56 - iter 20/40 - loss 0.10434691 - samples/sec: 169.61 - lr: 0.000781
2021-02-01 11:53:16,944 epoch 56 - iter 24/40 - loss 0.10014282 - samples/sec: 180.93 - lr: 0.000781
2021-02-01 11:53:17,493 epoch 56 - iter 28/40 - loss 0.10154952 - samples/sec: 174.99 - lr: 0.000781
2021-02-01 11:53:18,033 epoch 56 - iter 32/40 - loss 0.10555093 - samples/sec: 178.12 - lr: 0.000781
2021-02-01 11:53:18,614 epoch 56 - iter 36/40 - loss 0.10871757 - samples/sec: 165.52 - lr: 0.000781
2021-02-01 11:53:19,134 epoch 56 - iter 40/40 - loss 0.10951615 - samples/sec: 184.62 - lr: 0.000781
2021-02-01 11:53:19,134 ----------------------------------------------------------------------------------------------------
2021-02-01 11:53:19,135 EPOCH 56 done: loss 0.1095 - lr 0.0007813
2021-02-01 11:53:20,260 DEV : loss 0.020606450736522675 - score 0.9933
2021-02-01 11:53:20,281 BAD EPOCHS (no improvement): 3
2021-02-01 11:53:20,283 ----------------------------------------------------------------------------------------------------
2021-02-01 11:53:20,821 epoch 57 - iter 4/40 - loss 0.13594214 - samples/sec: 178.77 - lr: 0.000781
2021-02-01 11:53:21,362 epoch 57 - iter 8/40 - loss 0.12217160 - samples/sec: 177.77 - lr: 0.000781
2021-02-01 11:53:21,946 epoch 57 - iter 12/40 - loss 0.10645899 - samples/sec: 164.67 - lr: 0.000781
2021-02-01 11:53:22,521 epoch 57 - iter 16/40 - loss 0.13736451 - samples/sec: 167.62 - lr: 0.000781
2021-02-01 11:53:23,014 epoch 57 - iter 20/40 - loss 0.12123768 - samples/sec: 195.12 - lr: 0.000781
2021-02-01 11:53:23,564 epoch 57 - iter 24/40 - loss 0.10790869 - samples/sec: 174.86 - lr: 0.000781
2021-02-01 11:53:24,080 epoch 57 - iter 28/40 - loss 0.10640922 - samples/sec: 186.40 - lr: 0.000781
2021-02-01 11:53:24,620 epoch 57 - iter 32/40 - loss 0.10903836 - samples/sec: 178.10 - lr: 0.000781
2021-02-01 11:53:25,129 epoch 57 - iter 36/40 - loss 0.11140755 - samples/sec: 188.96 - lr: 0.000781
2021-02-01 11:53:25,700 epoch 57 - iter 40/40 - loss 0.10672068 - samples/sec: 168.51 - lr: 0.000781
2021-02-01 11:53:25,701 ----------------------------------------------------------------------------------------------------
2021-02-01 11:53:25,701 EPOCH 57 done: loss 0.1067 - lr 0.0007813
2021-02-01 11:53:26,810 DEV : loss 0.020593460649251938 - score 0.9933
2021-02-01 11:53:26,827 BAD EPOCHS (no improvement): 4
2021-02-01 11:53:26,828 ----------------------------------------------------------------------------------------------------
2021-02-01 11:53:27,368 epoch 58 - iter 4/40 - loss 0.14132182 - samples/sec: 178.10 - lr: 0.000391
2021-02-01 11:53:27,924 epoch 58 - iter 8/40 - loss 0.10262283 - samples/sec: 172.97 - lr: 0.000391
2021-02-01 11:53:28,463 epoch 58 - iter 12/40 - loss 0.08511901 - samples/sec: 178.10 - lr: 0.000391
2021-02-01 11:53:29,021 epoch 58 - iter 16/40 - loss 0.10476345 - samples/sec: 172.34 - lr: 0.000391
2021-02-01 11:53:29,578 epoch 58 - iter 20/40 - loss 0.10677449 - samples/sec: 172.67 - lr: 0.000391
2021-02-01 11:53:30,101 epoch 58 - iter 24/40 - loss 0.09641083 - samples/sec: 184.44 - lr: 0.000391
2021-02-01 11:53:30,639 epoch 58 - iter 28/40 - loss 0.09232866 - samples/sec: 178.60 - lr: 0.000391
2021-02-01 11:53:31,197 epoch 58 - iter 32/40 - loss 0.09410805 - samples/sec: 172.35 - lr: 0.000391
2021-02-01 11:53:31,748 epoch 58 - iter 36/40 - loss 0.10219860 - samples/sec: 174.55 - lr: 0.000391
2021-02-01 11:53:32,278 epoch 58 - iter 40/40 - loss 0.09969668 - samples/sec: 181.13 - lr: 0.000391
2021-02-01 11:53:32,279 ----------------------------------------------------------------------------------------------------
2021-02-01 11:53:32,280 EPOCH 58 done: loss 0.0997 - lr 0.0003906
2021-02-01 11:53:33,410 DEV : loss 0.020628681406378746 - score 0.9933
2021-02-01 11:53:33,427 BAD EPOCHS (no improvement): 1
2021-02-01 11:53:33,429 ----------------------------------------------------------------------------------------------------
2021-02-01 11:53:33,976 epoch 59 - iter 4/40 - loss 0.07886064 - samples/sec: 175.82 - lr: 0.000391
2021-02-01 11:53:34,510 epoch 59 - iter 8/40 - loss 0.17869376 - samples/sec: 180.11 - lr: 0.000391
2021-02-01 11:53:35,075 epoch 59 - iter 12/40 - loss 0.17159766 - samples/sec: 169.90 - lr: 0.000391
2021-02-01 11:53:35,613 epoch 59 - iter 16/40 - loss 0.18070747 - samples/sec: 178.45 - lr: 0.000391
2021-02-01 11:53:36,128 epoch 59 - iter 20/40 - loss 0.18131903 - samples/sec: 186.41 - lr: 0.000391
2021-02-01 11:53:36,684 epoch 59 - iter 24/40 - loss 0.16147176 - samples/sec: 172.44 - lr: 0.000391
2021-02-01 11:53:37,247 epoch 59 - iter 28/40 - loss 0.15330438 - samples/sec: 170.52 - lr: 0.000391
2021-02-01 11:53:37,759 epoch 59 - iter 32/40 - loss 0.14657345 - samples/sec: 187.85 - lr: 0.000391
2021-02-01 11:53:38,288 epoch 59 - iter 36/40 - loss 0.14163134 - samples/sec: 182.16 - lr: 0.000391
2021-02-01 11:53:38,834 epoch 59 - iter 40/40 - loss 0.14031639 - samples/sec: 175.82 - lr: 0.000391
2021-02-01 11:53:38,835 ----------------------------------------------------------------------------------------------------
2021-02-01 11:53:38,836 EPOCH 59 done: loss 0.1403 - lr 0.0003906
2021-02-01 11:53:39,973 DEV : loss 0.020626956596970558 - score 0.9933
2021-02-01 11:53:39,990 BAD EPOCHS (no improvement): 2
2021-02-01 11:53:39,991 ----------------------------------------------------------------------------------------------------
2021-02-01 11:53:40,550 epoch 60 - iter 4/40 - loss 0.03506637 - samples/sec: 172.03 - lr: 0.000391
2021-02-01 11:53:41,104 epoch 60 - iter 8/40 - loss 0.05760257 - samples/sec: 173.58 - lr: 0.000391
2021-02-01 11:53:41,632 epoch 60 - iter 12/40 - loss 0.09532065 - samples/sec: 182.16 - lr: 0.000391
2021-02-01 11:53:42,232 epoch 60 - iter 16/40 - loss 0.08282974 - samples/sec: 160.26 - lr: 0.000391
2021-02-01 11:53:42,777 epoch 60 - iter 20/40 - loss 0.08396820 - samples/sec: 176.77 - lr: 0.000391
2021-02-01 11:53:43,337 epoch 60 - iter 24/40 - loss 0.08948205 - samples/sec: 171.74 - lr: 0.000391
2021-02-01 11:53:43,879 epoch 60 - iter 28/40 - loss 0.10567424 - samples/sec: 177.12 - lr: 0.000391
2021-02-01 11:53:44,440 epoch 60 - iter 32/40 - loss 0.11515882 - samples/sec: 171.58 - lr: 0.000391
2021-02-01 11:53:44,987 epoch 60 - iter 36/40 - loss 0.11414492 - samples/sec: 175.81 - lr: 0.000391
2021-02-01 11:53:45,564 epoch 60 - iter 40/40 - loss 0.10911994 - samples/sec: 166.78 - lr: 0.000391
2021-02-01 11:53:45,565 ----------------------------------------------------------------------------------------------------
2021-02-01 11:53:45,565 EPOCH 60 done: loss 0.1091 - lr 0.0003906
2021-02-01 11:53:46,683 DEV : loss 0.02053683251142502 - score 0.9933
2021-02-01 11:53:46,703 BAD EPOCHS (no improvement): 3
2021-02-01 11:53:46,705 ----------------------------------------------------------------------------------------------------
2021-02-01 11:53:47,245 epoch 61 - iter 4/40 - loss 0.08287573 - samples/sec: 177.94 - lr: 0.000391
2021-02-01 11:53:47,785 epoch 61 - iter 8/40 - loss 0.07802951 - samples/sec: 178.11 - lr: 0.000391
2021-02-01 11:53:48,321 epoch 61 - iter 12/40 - loss 0.07805835 - samples/sec: 179.44 - lr: 0.000391
2021-02-01 11:53:48,873 epoch 61 - iter 16/40 - loss 0.09279829 - samples/sec: 174.23 - lr: 0.000391
2021-02-01 11:53:49,422 epoch 61 - iter 20/40 - loss 0.09642230 - samples/sec: 174.86 - lr: 0.000391
2021-02-01 11:53:49,948 epoch 61 - iter 24/40 - loss 0.09838291 - samples/sec: 182.86 - lr: 0.000391
2021-02-01 11:53:50,469 epoch 61 - iter 28/40 - loss 0.09728191 - samples/sec: 184.62 - lr: 0.000391
2021-02-01 11:53:51,025 epoch 61 - iter 32/40 - loss 0.09457729 - samples/sec: 172.66 - lr: 0.000391
2021-02-01 11:53:51,600 epoch 61 - iter 36/40 - loss 0.09654230 - samples/sec: 167.25 - lr: 0.000391
2021-02-01 11:53:52,172 epoch 61 - iter 40/40 - loss 0.09967817 - samples/sec: 168.11 - lr: 0.000391
2021-02-01 11:53:52,173 ----------------------------------------------------------------------------------------------------
2021-02-01 11:53:52,174 EPOCH 61 done: loss 0.0997 - lr 0.0003906
2021-02-01 11:53:53,324 DEV : loss 0.02075272798538208 - score 0.9933
2021-02-01 11:53:53,342 BAD EPOCHS (no improvement): 4
2021-02-01 11:53:53,343 ----------------------------------------------------------------------------------------------------
2021-02-01 11:53:53,902 epoch 62 - iter 4/40 - loss 0.06148577 - samples/sec: 172.04 - lr: 0.000195
2021-02-01 11:53:54,461 epoch 62 - iter 8/40 - loss 0.07851271 - samples/sec: 171.74 - lr: 0.000195
2021-02-01 11:53:55,052 epoch 62 - iter 12/40 - loss 0.07684907 - samples/sec: 163.00 - lr: 0.000195
2021-02-01 11:53:55,616 epoch 62 - iter 16/40 - loss 0.09630726 - samples/sec: 170.52 - lr: 0.000195
2021-02-01 11:53:56,125 epoch 62 - iter 20/40 - loss 0.09872818 - samples/sec: 188.59 - lr: 0.000195
2021-02-01 11:53:56,669 epoch 62 - iter 24/40 - loss 0.11181932 - samples/sec: 177.10 - lr: 0.000195
2021-02-01 11:53:57,221 epoch 62 - iter 28/40 - loss 0.10471868 - samples/sec: 174.22 - lr: 0.000195
2021-02-01 11:53:57,753 epoch 62 - iter 32/40 - loss 0.10063420 - samples/sec: 180.45 - lr: 0.000195
2021-02-01 11:53:58,317 epoch 62 - iter 36/40 - loss 0.10238912 - samples/sec: 170.51 - lr: 0.000195
2021-02-01 11:53:58,845 epoch 62 - iter 40/40 - loss 0.11267533 - samples/sec: 182.15 - lr: 0.000195
2021-02-01 11:53:58,846 ----------------------------------------------------------------------------------------------------
2021-02-01 11:53:58,846 EPOCH 62 done: loss 0.1127 - lr 0.0001953
2021-02-01 11:54:00,162 DEV : loss 0.020693758502602577 - score 0.9933
2021-02-01 11:54:00,179 BAD EPOCHS (no improvement): 1
2021-02-01 11:54:00,181 ----------------------------------------------------------------------------------------------------
2021-02-01 11:54:00,753 epoch 63 - iter 4/40 - loss 0.14161762 - samples/sec: 168.42 - lr: 0.000195
2021-02-01 11:54:01,309 epoch 63 - iter 8/40 - loss 0.12964034 - samples/sec: 172.96 - lr: 0.000195
2021-02-01 11:54:01,914 epoch 63 - iter 12/40 - loss 0.10711384 - samples/sec: 158.93 - lr: 0.000195
2021-02-01 11:54:02,471 epoch 63 - iter 16/40 - loss 0.10404424 - samples/sec: 172.65 - lr: 0.000195
2021-02-01 11:54:03,023 epoch 63 - iter 20/40 - loss 0.09744609 - samples/sec: 174.23 - lr: 0.000195
2021-02-01 11:54:03,577 epoch 63 - iter 24/40 - loss 0.09500361 - samples/sec: 173.59 - lr: 0.000195
2021-02-01 11:54:04,147 epoch 63 - iter 28/40 - loss 0.09421945 - samples/sec: 168.68 - lr: 0.000195
2021-02-01 11:54:04,668 epoch 63 - iter 32/40 - loss 0.09361643 - samples/sec: 184.60 - lr: 0.000195
2021-02-01 11:54:05,184 epoch 63 - iter 36/40 - loss 0.10110787 - samples/sec: 186.06 - lr: 0.000195
2021-02-01 11:54:05,731 epoch 63 - iter 40/40 - loss 0.11283365 - samples/sec: 175.50 - lr: 0.000195
2021-02-01 11:54:05,732 ----------------------------------------------------------------------------------------------------
2021-02-01 11:54:05,733 EPOCH 63 done: loss 0.1128 - lr 0.0001953
2021-02-01 11:54:06,910 DEV : loss 0.02075963094830513 - score 0.9933
2021-02-01 11:54:06,928 BAD EPOCHS (no improvement): 2
2021-02-01 11:54:06,930 ----------------------------------------------------------------------------------------------------
2021-02-01 11:54:07,488 epoch 64 - iter 4/40 - loss 0.16394751 - samples/sec: 172.46 - lr: 0.000195
2021-02-01 11:54:08,008 epoch 64 - iter 8/40 - loss 0.14566356 - samples/sec: 184.63 - lr: 0.000195
2021-02-01 11:54:08,589 epoch 64 - iter 12/40 - loss 0.12815506 - samples/sec: 165.52 - lr: 0.000195
2021-02-01 11:54:09,136 epoch 64 - iter 16/40 - loss 0.12799096 - samples/sec: 175.81 - lr: 0.000195
2021-02-01 11:54:09,660 epoch 64 - iter 20/40 - loss 0.14071882 - samples/sec: 183.57 - lr: 0.000195
2021-02-01 11:54:10,215 epoch 64 - iter 24/40 - loss 0.15449081 - samples/sec: 173.09 - lr: 0.000195
2021-02-01 11:54:10,767 epoch 64 - iter 28/40 - loss 0.14907321 - samples/sec: 173.92 - lr: 0.000195
2021-02-01 11:54:11,334 epoch 64 - iter 32/40 - loss 0.15077633 - samples/sec: 169.60 - lr: 0.000195
2021-02-01 11:54:11,902 epoch 64 - iter 36/40 - loss 0.14488767 - samples/sec: 169.31 - lr: 0.000195
2021-02-01 11:54:12,460 epoch 64 - iter 40/40 - loss 0.13678013 - samples/sec: 172.06 - lr: 0.000195
2021-02-01 11:54:12,461 ----------------------------------------------------------------------------------------------------
2021-02-01 11:54:12,461 EPOCH 64 done: loss 0.1368 - lr 0.0001953
2021-02-01 11:54:13,629 DEV : loss 0.020676707848906517 - score 0.9933
2021-02-01 11:54:13,647 BAD EPOCHS (no improvement): 3
2021-02-01 11:54:13,648 ----------------------------------------------------------------------------------------------------
2021-02-01 11:54:14,211 epoch 65 - iter 4/40 - loss 0.16972741 - samples/sec: 170.82 - lr: 0.000195
2021-02-01 11:54:14,770 epoch 65 - iter 8/40 - loss 0.12618037 - samples/sec: 172.05 - lr: 0.000195
2021-02-01 11:54:15,345 epoch 65 - iter 12/40 - loss 0.10068952 - samples/sec: 166.95 - lr: 0.000195
2021-02-01 11:54:15,913 epoch 65 - iter 16/40 - loss 0.08462910 - samples/sec: 169.33 - lr: 0.000195
2021-02-01 11:54:16,485 epoch 65 - iter 20/40 - loss 0.11480596 - samples/sec: 168.13 - lr: 0.000195
2021-02-01 11:54:17,042 epoch 65 - iter 24/40 - loss 0.11578029 - samples/sec: 172.65 - lr: 0.000195
2021-02-01 11:54:17,613 epoch 65 - iter 28/40 - loss 0.10613445 - samples/sec: 168.12 - lr: 0.000195
2021-02-01 11:54:18,160 epoch 65 - iter 32/40 - loss 0.10343139 - samples/sec: 175.82 - lr: 0.000195
2021-02-01 11:54:18,698 epoch 65 - iter 36/40 - loss 0.10268633 - samples/sec: 178.79 - lr: 0.000195
2021-02-01 11:54:19,257 epoch 65 - iter 40/40 - loss 0.10282878 - samples/sec: 172.04 - lr: 0.000195
2021-02-01 11:54:19,258 ----------------------------------------------------------------------------------------------------
2021-02-01 11:54:19,258 EPOCH 65 done: loss 0.1028 - lr 0.0001953
2021-02-01 11:54:20,420 DEV : loss 0.020583970472216606 - score 0.9933
2021-02-01 11:54:20,437 BAD EPOCHS (no improvement): 4
2021-02-01 11:54:20,438 ----------------------------------------------------------------------------------------------------
2021-02-01 11:54:20,439 ----------------------------------------------------------------------------------------------------
2021-02-01 11:54:20,440 learning rate too small - quitting training!
2021-02-01 11:54:20,440 ----------------------------------------------------------------------------------------------------
2021-02-01 11:54:23,677 ----------------------------------------------------------------------------------------------------
2021-02-01 11:54:23,677 Testing using best model ...
2021-02-01 11:54:23,678 loading file ..\model\taggers\pii-ner-v1\best-model.pt
2021-02-01 11:54:28,106 0.9933	0.9933	0.9933
2021-02-01 11:54:28,106 
Results:
- F1-score (micro) 0.9933
- F1-score (macro) 0.9971

By class:
Address    tp: 99 - fp: 1 - fn: 1 - precision: 0.9900 - recall: 0.9900 - f1-score: 0.9900
CreditCardNumber tp: 20 - fp: 0 - fn: 0 - precision: 1.0000 - recall: 1.0000 - f1-score: 1.0000
Email      tp: 20 - fp: 0 - fn: 0 - precision: 1.0000 - recall: 1.0000 - f1-score: 1.0000
Name       tp: 99 - fp: 1 - fn: 1 - precision: 0.9900 - recall: 0.9900 - f1-score: 0.9900
Phone_number tp: 20 - fp: 0 - fn: 0 - precision: 1.0000 - recall: 1.0000 - f1-score: 1.0000
Plates     tp: 20 - fp: 0 - fn: 0 - precision: 1.0000 - recall: 1.0000 - f1-score: 1.0000
SSN        tp: 20 - fp: 0 - fn: 0 - precision: 1.0000 - recall: 1.0000 - f1-score: 1.0000
2021-02-01 11:54:28,107 ----------------------------------------------------------------------------------------------------
